[2022-03-03 12:00:04,794] INFO [local-file-source|task-0|offsets] WorkerSourceTask{id=local-file-source-0} Either no records were produced by the task since the last offset commit, or every record has been filtered out by a transformation or dropped due to transformation or conversion errors. (org.apache.kafka.connect.runtime.WorkerSourceTask:484)
[2022-03-03 12:00:14,796] INFO [local-file-source|task-0|offsets] WorkerSourceTask{id=local-file-source-0} Either no records were produced by the task since the last offset commit, or every record has been filtered out by a transformation or dropped due to transformation or conversion errors. (org.apache.kafka.connect.runtime.WorkerSourceTask:484)
[2022-03-03 12:00:24,796] INFO [local-file-source|task-0|offsets] WorkerSourceTask{id=local-file-source-0} Either no records were produced by the task since the last offset commit, or every record has been filtered out by a transformation or dropped due to transformation or conversion errors. (org.apache.kafka.connect.runtime.WorkerSourceTask:484)
[2022-03-03 12:00:34,797] INFO [local-file-source|task-0|offsets] WorkerSourceTask{id=local-file-source-0} Either no records were produced by the task since the last offset commit, or every record has been filtered out by a transformation or dropped due to transformation or conversion errors. (org.apache.kafka.connect.runtime.WorkerSourceTask:484)
[2022-03-03 12:00:44,797] INFO [local-file-source|task-0|offsets] WorkerSourceTask{id=local-file-source-0} Either no records were produced by the task since the last offset commit, or every record has been filtered out by a transformation or dropped due to transformation or conversion errors. (org.apache.kafka.connect.runtime.WorkerSourceTask:484)
[2022-03-03 12:00:54,798] INFO [local-file-source|task-0|offsets] WorkerSourceTask{id=local-file-source-0} Either no records were produced by the task since the last offset commit, or every record has been filtered out by a transformation or dropped due to transformation or conversion errors. (org.apache.kafka.connect.runtime.WorkerSourceTask:484)
[2022-03-03 12:01:04,798] INFO [local-file-source|task-0|offsets] WorkerSourceTask{id=local-file-source-0} Either no records were produced by the task since the last offset commit, or every record has been filtered out by a transformation or dropped due to transformation or conversion errors. (org.apache.kafka.connect.runtime.WorkerSourceTask:484)
[2022-03-03 12:01:14,799] INFO [local-file-source|task-0|offsets] WorkerSourceTask{id=local-file-source-0} Either no records were produced by the task since the last offset commit, or every record has been filtered out by a transformation or dropped due to transformation or conversion errors. (org.apache.kafka.connect.runtime.WorkerSourceTask:484)
[2022-03-03 12:01:24,800] INFO [local-file-source|task-0|offsets] WorkerSourceTask{id=local-file-source-0} Either no records were produced by the task since the last offset commit, or every record has been filtered out by a transformation or dropped due to transformation or conversion errors. (org.apache.kafka.connect.runtime.WorkerSourceTask:484)
[2022-03-03 12:01:34,800] INFO [local-file-source|task-0|offsets] WorkerSourceTask{id=local-file-source-0} Either no records were produced by the task since the last offset commit, or every record has been filtered out by a transformation or dropped due to transformation or conversion errors. (org.apache.kafka.connect.runtime.WorkerSourceTask:484)
[2022-03-03 12:01:37,432] INFO Kafka Connect stopping (org.apache.kafka.connect.runtime.Connect:67)
[2022-03-03 12:01:37,436] INFO Stopping REST server (org.apache.kafka.connect.runtime.rest.RestServer:311)
[2022-03-03 12:01:37,439] INFO Stopped http_8083@632aa1a3{HTTP/1.1, (http/1.1)}{0.0.0.0:8083} (org.eclipse.jetty.server.AbstractConnector:381)
[2022-03-03 12:01:37,439] INFO node0 Stopped scavenging (org.eclipse.jetty.server.session:149)
[2022-03-03 12:01:37,452] INFO REST server stopped (org.apache.kafka.connect.runtime.rest.RestServer:328)
[2022-03-03 12:01:37,457] INFO Herder stopping (org.apache.kafka.connect.runtime.standalone.StandaloneHerder:106)
[2022-03-03 12:01:37,457] INFO [local-file-source|task-0] Stopping task local-file-source-0 (org.apache.kafka.connect.runtime.Worker:823)
[2022-03-03 12:01:38,204] INFO [local-file-source|task-0] WorkerSourceTask{id=local-file-source-0} Either no records were produced by the task since the last offset commit, or every record has been filtered out by a transformation or dropped due to transformation or conversion errors. (org.apache.kafka.connect.runtime.WorkerSourceTask:484)
[2022-03-03 12:01:38,204] INFO [local-file-source|task-0] [Producer clientId=connector-producer-local-file-source-0] Closing the Kafka producer with timeoutMillis = 30000 ms. (org.apache.kafka.clients.producer.KafkaProducer:1228)
[2022-03-03 12:01:38,209] INFO [local-file-source|task-0] Metrics scheduler closed (org.apache.kafka.common.metrics.Metrics:659)
[2022-03-03 12:01:38,209] INFO [local-file-source|task-0] Closing reporter org.apache.kafka.common.metrics.JmxReporter (org.apache.kafka.common.metrics.Metrics:663)
[2022-03-03 12:01:38,210] INFO [local-file-source|task-0] Metrics reporters closed (org.apache.kafka.common.metrics.Metrics:669)
[2022-03-03 12:01:38,210] INFO [local-file-source|task-0] App info kafka.producer for connector-producer-local-file-source-0 unregistered (org.apache.kafka.common.utils.AppInfoParser:83)
[2022-03-03 12:01:38,216] INFO [local-file-source|worker] Stopping connector local-file-source (org.apache.kafka.connect.runtime.Worker:376)
[2022-03-03 12:01:38,226] INFO [local-file-source|worker] Scheduled shutdown for WorkerConnector{id=local-file-source} (org.apache.kafka.connect.runtime.WorkerConnector:248)
[2022-03-03 12:01:38,226] INFO [local-file-source|worker] Completed shutdown for WorkerConnector{id=local-file-source} (org.apache.kafka.connect.runtime.WorkerConnector:268)
[2022-03-03 12:01:38,227] INFO [local-file-sink|task-0] Stopping task local-file-sink-0 (org.apache.kafka.connect.runtime.Worker:823)
[2022-03-03 12:01:38,227] INFO [local-file-sink|worker] Stopping connector local-file-sink (org.apache.kafka.connect.runtime.Worker:376)
[2022-03-03 12:01:38,227] INFO [local-file-sink|worker] Scheduled shutdown for WorkerConnector{id=local-file-sink} (org.apache.kafka.connect.runtime.WorkerConnector:248)
[2022-03-03 12:01:38,227] INFO [local-file-sink|worker] Completed shutdown for WorkerConnector{id=local-file-sink} (org.apache.kafka.connect.runtime.WorkerConnector:268)
[2022-03-03 12:01:38,228] INFO Worker stopping (org.apache.kafka.connect.runtime.Worker:199)
[2022-03-03 12:01:38,231] INFO Stopped FileOffsetBackingStore (org.apache.kafka.connect.storage.FileOffsetBackingStore:66)
[2022-03-03 12:01:38,233] INFO Metrics scheduler closed (org.apache.kafka.common.metrics.Metrics:659)
[2022-03-03 12:01:38,233] INFO Closing reporter org.apache.kafka.common.metrics.JmxReporter (org.apache.kafka.common.metrics.Metrics:663)
[2022-03-03 12:01:38,233] INFO Metrics reporters closed (org.apache.kafka.common.metrics.Metrics:669)
[2022-03-03 12:01:38,233] INFO App info kafka.connect for 127.0.1.1:8083 unregistered (org.apache.kafka.common.utils.AppInfoParser:83)
[2022-03-03 12:01:38,233] INFO Worker stopped (org.apache.kafka.connect.runtime.Worker:220)
[2022-03-03 12:01:38,234] INFO Herder stopped (org.apache.kafka.connect.runtime.standalone.StandaloneHerder:124)
[2022-03-03 12:01:38,235] INFO Kafka Connect stopped (org.apache.kafka.connect.runtime.Connect:72)
[2022-03-03 12:01:47,009] INFO Kafka Connect standalone worker initializing ... (org.apache.kafka.connect.cli.ConnectStandalone:68)
[2022-03-03 12:01:47,029] INFO WorkerInfo values: 
	jvm.args = -Xms256M, -Xmx2G, -XX:+UseG1GC, -XX:MaxGCPauseMillis=20, -XX:InitiatingHeapOccupancyPercent=35, -XX:+ExplicitGCInvokesConcurrent, -XX:MaxInlineLevel=15, -Djava.awt.headless=true, -Dcom.sun.management.jmxremote, -Dcom.sun.management.jmxremote.authenticate=false, -Dcom.sun.management.jmxremote.ssl=false, -Dkafka.logs.dir=/home/mimaca1/Descargas/kafka_2.12-3.1.0/bin/../logs, -Dlog4j.configuration=file:bin/../config/connect-log4j.properties
	jvm.spec = Ubuntu, OpenJDK 64-Bit Server VM, 11.0.13, 11.0.13+8-Ubuntu-0ubuntu1.20.04
	jvm.classpath = /home/mimaca1/Descargas/kafka_2.12-3.1.0/bin/../libs/activation-1.1.1.jar:/home/mimaca1/Descargas/kafka_2.12-3.1.0/bin/../libs/aopalliance-repackaged-2.6.1.jar:/home/mimaca1/Descargas/kafka_2.12-3.1.0/bin/../libs/argparse4j-0.7.0.jar:/home/mimaca1/Descargas/kafka_2.12-3.1.0/bin/../libs/audience-annotations-0.5.0.jar:/home/mimaca1/Descargas/kafka_2.12-3.1.0/bin/../libs/commons-cli-1.4.jar:/home/mimaca1/Descargas/kafka_2.12-3.1.0/bin/../libs/commons-lang3-3.8.1.jar:/home/mimaca1/Descargas/kafka_2.12-3.1.0/bin/../libs/connect-api-3.1.0.jar:/home/mimaca1/Descargas/kafka_2.12-3.1.0/bin/../libs/connect-basic-auth-extension-3.1.0.jar:/home/mimaca1/Descargas/kafka_2.12-3.1.0/bin/../libs/connect-file-3.1.0.jar:/home/mimaca1/Descargas/kafka_2.12-3.1.0/bin/../libs/connect-json-3.1.0.jar:/home/mimaca1/Descargas/kafka_2.12-3.1.0/bin/../libs/connect-mirror-3.1.0.jar:/home/mimaca1/Descargas/kafka_2.12-3.1.0/bin/../libs/connect-mirror-client-3.1.0.jar:/home/mimaca1/Descargas/kafka_2.12-3.1.0/bin/../libs/connect-runtime-3.1.0.jar:/home/mimaca1/Descargas/kafka_2.12-3.1.0/bin/../libs/connect-transforms-3.1.0.jar:/home/mimaca1/Descargas/kafka_2.12-3.1.0/bin/../libs/hk2-api-2.6.1.jar:/home/mimaca1/Descargas/kafka_2.12-3.1.0/bin/../libs/hk2-locator-2.6.1.jar:/home/mimaca1/Descargas/kafka_2.12-3.1.0/bin/../libs/hk2-utils-2.6.1.jar:/home/mimaca1/Descargas/kafka_2.12-3.1.0/bin/../libs/jackson-annotations-2.12.3.jar:/home/mimaca1/Descargas/kafka_2.12-3.1.0/bin/../libs/jackson-core-2.12.3.jar:/home/mimaca1/Descargas/kafka_2.12-3.1.0/bin/../libs/jackson-databind-2.12.3.jar:/home/mimaca1/Descargas/kafka_2.12-3.1.0/bin/../libs/jackson-dataformat-csv-2.12.3.jar:/home/mimaca1/Descargas/kafka_2.12-3.1.0/bin/../libs/jackson-datatype-jdk8-2.12.3.jar:/home/mimaca1/Descargas/kafka_2.12-3.1.0/bin/../libs/jackson-jaxrs-base-2.12.3.jar:/home/mimaca1/Descargas/kafka_2.12-3.1.0/bin/../libs/jackson-jaxrs-json-provider-2.12.3.jar:/home/mimaca1/Descargas/kafka_2.12-3.1.0/bin/../libs/jackson-module-jaxb-annotations-2.12.3.jar:/home/mimaca1/Descargas/kafka_2.12-3.1.0/bin/../libs/jackson-module-scala_2.12-2.12.3.jar:/home/mimaca1/Descargas/kafka_2.12-3.1.0/bin/../libs/jakarta.activation-api-1.2.1.jar:/home/mimaca1/Descargas/kafka_2.12-3.1.0/bin/../libs/jakarta.annotation-api-1.3.5.jar:/home/mimaca1/Descargas/kafka_2.12-3.1.0/bin/../libs/jakarta.inject-2.6.1.jar:/home/mimaca1/Descargas/kafka_2.12-3.1.0/bin/../libs/jakarta.validation-api-2.0.2.jar:/home/mimaca1/Descargas/kafka_2.12-3.1.0/bin/../libs/jakarta.ws.rs-api-2.1.6.jar:/home/mimaca1/Descargas/kafka_2.12-3.1.0/bin/../libs/jakarta.xml.bind-api-2.3.2.jar:/home/mimaca1/Descargas/kafka_2.12-3.1.0/bin/../libs/javassist-3.27.0-GA.jar:/home/mimaca1/Descargas/kafka_2.12-3.1.0/bin/../libs/javax.servlet-api-3.1.0.jar:/home/mimaca1/Descargas/kafka_2.12-3.1.0/bin/../libs/javax.ws.rs-api-2.1.1.jar:/home/mimaca1/Descargas/kafka_2.12-3.1.0/bin/../libs/jaxb-api-2.3.0.jar:/home/mimaca1/Descargas/kafka_2.12-3.1.0/bin/../libs/jersey-client-2.34.jar:/home/mimaca1/Descargas/kafka_2.12-3.1.0/bin/../libs/jersey-common-2.34.jar:/home/mimaca1/Descargas/kafka_2.12-3.1.0/bin/../libs/jersey-container-servlet-2.34.jar:/home/mimaca1/Descargas/kafka_2.12-3.1.0/bin/../libs/jersey-container-servlet-core-2.34.jar:/home/mimaca1/Descargas/kafka_2.12-3.1.0/bin/../libs/jersey-hk2-2.34.jar:/home/mimaca1/Descargas/kafka_2.12-3.1.0/bin/../libs/jersey-server-2.34.jar:/home/mimaca1/Descargas/kafka_2.12-3.1.0/bin/../libs/jetty-client-9.4.43.v20210629.jar:/home/mimaca1/Descargas/kafka_2.12-3.1.0/bin/../libs/jetty-continuation-9.4.43.v20210629.jar:/home/mimaca1/Descargas/kafka_2.12-3.1.0/bin/../libs/jetty-http-9.4.43.v20210629.jar:/home/mimaca1/Descargas/kafka_2.12-3.1.0/bin/../libs/jetty-io-9.4.43.v20210629.jar:/home/mimaca1/Descargas/kafka_2.12-3.1.0/bin/../libs/jetty-security-9.4.43.v20210629.jar:/home/mimaca1/Descargas/kafka_2.12-3.1.0/bin/../libs/jetty-server-9.4.43.v20210629.jar:/home/mimaca1/Descargas/kafka_2.12-3.1.0/bin/../libs/jetty-servlet-9.4.43.v20210629.jar:/home/mimaca1/Descargas/kafka_2.12-3.1.0/bin/../libs/jetty-servlets-9.4.43.v20210629.jar:/home/mimaca1/Descargas/kafka_2.12-3.1.0/bin/../libs/jetty-util-9.4.43.v20210629.jar:/home/mimaca1/Descargas/kafka_2.12-3.1.0/bin/../libs/jetty-util-ajax-9.4.43.v20210629.jar:/home/mimaca1/Descargas/kafka_2.12-3.1.0/bin/../libs/jline-3.12.1.jar:/home/mimaca1/Descargas/kafka_2.12-3.1.0/bin/../libs/jopt-simple-5.0.4.jar:/home/mimaca1/Descargas/kafka_2.12-3.1.0/bin/../libs/jose4j-0.7.8.jar:/home/mimaca1/Descargas/kafka_2.12-3.1.0/bin/../libs/kafka_2.12-3.1.0.jar:/home/mimaca1/Descargas/kafka_2.12-3.1.0/bin/../libs/kafka-clients-3.1.0.jar:/home/mimaca1/Descargas/kafka_2.12-3.1.0/bin/../libs/kafka-log4j-appender-3.1.0.jar:/home/mimaca1/Descargas/kafka_2.12-3.1.0/bin/../libs/kafka-metadata-3.1.0.jar:/home/mimaca1/Descargas/kafka_2.12-3.1.0/bin/../libs/kafka-raft-3.1.0.jar:/home/mimaca1/Descargas/kafka_2.12-3.1.0/bin/../libs/kafka-server-common-3.1.0.jar:/home/mimaca1/Descargas/kafka_2.12-3.1.0/bin/../libs/kafka-shell-3.1.0.jar:/home/mimaca1/Descargas/kafka_2.12-3.1.0/bin/../libs/kafka-storage-3.1.0.jar:/home/mimaca1/Descargas/kafka_2.12-3.1.0/bin/../libs/kafka-storage-api-3.1.0.jar:/home/mimaca1/Descargas/kafka_2.12-3.1.0/bin/../libs/kafka-streams-3.1.0.jar:/home/mimaca1/Descargas/kafka_2.12-3.1.0/bin/../libs/kafka-streams-examples-3.1.0.jar:/home/mimaca1/Descargas/kafka_2.12-3.1.0/bin/../libs/kafka-streams-scala_2.12-3.1.0.jar:/home/mimaca1/Descargas/kafka_2.12-3.1.0/bin/../libs/kafka-streams-test-utils-3.1.0.jar:/home/mimaca1/Descargas/kafka_2.12-3.1.0/bin/../libs/kafka-tools-3.1.0.jar:/home/mimaca1/Descargas/kafka_2.12-3.1.0/bin/../libs/log4j-1.2.17.jar:/home/mimaca1/Descargas/kafka_2.12-3.1.0/bin/../libs/lz4-java-1.8.0.jar:/home/mimaca1/Descargas/kafka_2.12-3.1.0/bin/../libs/maven-artifact-3.8.1.jar:/home/mimaca1/Descargas/kafka_2.12-3.1.0/bin/../libs/metrics-core-2.2.0.jar:/home/mimaca1/Descargas/kafka_2.12-3.1.0/bin/../libs/metrics-core-4.1.12.1.jar:/home/mimaca1/Descargas/kafka_2.12-3.1.0/bin/../libs/netty-buffer-4.1.68.Final.jar:/home/mimaca1/Descargas/kafka_2.12-3.1.0/bin/../libs/netty-codec-4.1.68.Final.jar:/home/mimaca1/Descargas/kafka_2.12-3.1.0/bin/../libs/netty-common-4.1.68.Final.jar:/home/mimaca1/Descargas/kafka_2.12-3.1.0/bin/../libs/netty-handler-4.1.68.Final.jar:/home/mimaca1/Descargas/kafka_2.12-3.1.0/bin/../libs/netty-resolver-4.1.68.Final.jar:/home/mimaca1/Descargas/kafka_2.12-3.1.0/bin/../libs/netty-transport-4.1.68.Final.jar:/home/mimaca1/Descargas/kafka_2.12-3.1.0/bin/../libs/netty-transport-native-epoll-4.1.68.Final.jar:/home/mimaca1/Descargas/kafka_2.12-3.1.0/bin/../libs/netty-transport-native-unix-common-4.1.68.Final.jar:/home/mimaca1/Descargas/kafka_2.12-3.1.0/bin/../libs/osgi-resource-locator-1.0.3.jar:/home/mimaca1/Descargas/kafka_2.12-3.1.0/bin/../libs/paranamer-2.8.jar:/home/mimaca1/Descargas/kafka_2.12-3.1.0/bin/../libs/plexus-utils-3.2.1.jar:/home/mimaca1/Descargas/kafka_2.12-3.1.0/bin/../libs/reflections-0.9.12.jar:/home/mimaca1/Descargas/kafka_2.12-3.1.0/bin/../libs/rocksdbjni-6.22.1.1.jar:/home/mimaca1/Descargas/kafka_2.12-3.1.0/bin/../libs/scala-collection-compat_2.12-2.4.4.jar:/home/mimaca1/Descargas/kafka_2.12-3.1.0/bin/../libs/scala-java8-compat_2.12-1.0.0.jar:/home/mimaca1/Descargas/kafka_2.12-3.1.0/bin/../libs/scala-library-2.12.14.jar:/home/mimaca1/Descargas/kafka_2.12-3.1.0/bin/../libs/scala-logging_2.12-3.9.3.jar:/home/mimaca1/Descargas/kafka_2.12-3.1.0/bin/../libs/scala-reflect-2.12.14.jar:/home/mimaca1/Descargas/kafka_2.12-3.1.0/bin/../libs/slf4j-api-1.7.30.jar:/home/mimaca1/Descargas/kafka_2.12-3.1.0/bin/../libs/slf4j-log4j12-1.7.30.jar:/home/mimaca1/Descargas/kafka_2.12-3.1.0/bin/../libs/snappy-java-1.1.8.4.jar:/home/mimaca1/Descargas/kafka_2.12-3.1.0/bin/../libs/trogdor-3.1.0.jar:/home/mimaca1/Descargas/kafka_2.12-3.1.0/bin/../libs/zookeeper-3.6.3.jar:/home/mimaca1/Descargas/kafka_2.12-3.1.0/bin/../libs/zookeeper-jute-3.6.3.jar:/home/mimaca1/Descargas/kafka_2.12-3.1.0/bin/../libs/zstd-jni-1.5.0-4.jar
	os.spec = Linux, amd64, 5.13.0-30-generic
	os.vcpus = 1
 (org.apache.kafka.connect.runtime.WorkerInfo:71)
[2022-03-03 12:01:47,054] INFO Scanning for plugin classes. This might take a moment ... (org.apache.kafka.connect.cli.ConnectStandalone:77)
[2022-03-03 12:01:51,299] INFO Registered loader: jdk.internal.loader.ClassLoaders$AppClassLoader@49476842 (org.apache.kafka.connect.runtime.isolation.DelegatingClassLoader:288)
[2022-03-03 12:01:51,300] INFO Added plugin 'org.apache.kafka.connect.mirror.MirrorSourceConnector' (org.apache.kafka.connect.runtime.isolation.DelegatingClassLoader:217)
[2022-03-03 12:01:51,300] INFO Added plugin 'org.apache.kafka.connect.file.FileStreamSinkConnector' (org.apache.kafka.connect.runtime.isolation.DelegatingClassLoader:217)
[2022-03-03 12:01:51,300] INFO Added plugin 'org.apache.kafka.connect.file.FileStreamSourceConnector' (org.apache.kafka.connect.runtime.isolation.DelegatingClassLoader:217)
[2022-03-03 12:01:51,301] INFO Added plugin 'org.apache.kafka.connect.tools.SchemaSourceConnector' (org.apache.kafka.connect.runtime.isolation.DelegatingClassLoader:217)
[2022-03-03 12:01:51,301] INFO Added plugin 'org.apache.kafka.connect.tools.MockSourceConnector' (org.apache.kafka.connect.runtime.isolation.DelegatingClassLoader:217)
[2022-03-03 12:01:51,301] INFO Added plugin 'org.apache.kafka.connect.mirror.MirrorCheckpointConnector' (org.apache.kafka.connect.runtime.isolation.DelegatingClassLoader:217)
[2022-03-03 12:01:51,301] INFO Added plugin 'org.apache.kafka.connect.tools.VerifiableSinkConnector' (org.apache.kafka.connect.runtime.isolation.DelegatingClassLoader:217)
[2022-03-03 12:01:51,301] INFO Added plugin 'org.apache.kafka.connect.tools.VerifiableSourceConnector' (org.apache.kafka.connect.runtime.isolation.DelegatingClassLoader:217)
[2022-03-03 12:01:51,301] INFO Added plugin 'org.apache.kafka.connect.tools.MockSinkConnector' (org.apache.kafka.connect.runtime.isolation.DelegatingClassLoader:217)
[2022-03-03 12:01:51,302] INFO Added plugin 'org.apache.kafka.connect.mirror.MirrorHeartbeatConnector' (org.apache.kafka.connect.runtime.isolation.DelegatingClassLoader:217)
[2022-03-03 12:01:51,302] INFO Added plugin 'org.apache.kafka.connect.tools.MockConnector' (org.apache.kafka.connect.runtime.isolation.DelegatingClassLoader:217)
[2022-03-03 12:01:51,302] INFO Added plugin 'org.apache.kafka.connect.converters.FloatConverter' (org.apache.kafka.connect.runtime.isolation.DelegatingClassLoader:217)
[2022-03-03 12:01:51,304] INFO Added plugin 'org.apache.kafka.connect.converters.DoubleConverter' (org.apache.kafka.connect.runtime.isolation.DelegatingClassLoader:217)
[2022-03-03 12:01:51,304] INFO Added plugin 'org.apache.kafka.connect.converters.ByteArrayConverter' (org.apache.kafka.connect.runtime.isolation.DelegatingClassLoader:217)
[2022-03-03 12:01:51,304] INFO Added plugin 'org.apache.kafka.connect.converters.LongConverter' (org.apache.kafka.connect.runtime.isolation.DelegatingClassLoader:217)
[2022-03-03 12:01:51,304] INFO Added plugin 'org.apache.kafka.connect.converters.IntegerConverter' (org.apache.kafka.connect.runtime.isolation.DelegatingClassLoader:217)
[2022-03-03 12:01:51,304] INFO Added plugin 'org.apache.kafka.connect.json.JsonConverter' (org.apache.kafka.connect.runtime.isolation.DelegatingClassLoader:217)
[2022-03-03 12:01:51,305] INFO Added plugin 'org.apache.kafka.connect.storage.StringConverter' (org.apache.kafka.connect.runtime.isolation.DelegatingClassLoader:217)
[2022-03-03 12:01:51,305] INFO Added plugin 'org.apache.kafka.connect.converters.ShortConverter' (org.apache.kafka.connect.runtime.isolation.DelegatingClassLoader:217)
[2022-03-03 12:01:51,306] INFO Added plugin 'org.apache.kafka.connect.storage.SimpleHeaderConverter' (org.apache.kafka.connect.runtime.isolation.DelegatingClassLoader:217)
[2022-03-03 12:01:51,306] INFO Added plugin 'org.apache.kafka.connect.transforms.ReplaceField$Value' (org.apache.kafka.connect.runtime.isolation.DelegatingClassLoader:217)
[2022-03-03 12:01:51,306] INFO Added plugin 'org.apache.kafka.connect.transforms.SetSchemaMetadata$Value' (org.apache.kafka.connect.runtime.isolation.DelegatingClassLoader:217)
[2022-03-03 12:01:51,306] INFO Added plugin 'org.apache.kafka.connect.transforms.ReplaceField$Key' (org.apache.kafka.connect.runtime.isolation.DelegatingClassLoader:217)
[2022-03-03 12:01:51,306] INFO Added plugin 'org.apache.kafka.connect.transforms.Filter' (org.apache.kafka.connect.runtime.isolation.DelegatingClassLoader:217)
[2022-03-03 12:01:51,307] INFO Added plugin 'org.apache.kafka.connect.transforms.InsertField$Value' (org.apache.kafka.connect.runtime.isolation.DelegatingClassLoader:217)
[2022-03-03 12:01:51,309] INFO Added plugin 'org.apache.kafka.connect.transforms.HeaderFrom$Key' (org.apache.kafka.connect.runtime.isolation.DelegatingClassLoader:217)
[2022-03-03 12:01:51,309] INFO Added plugin 'org.apache.kafka.connect.transforms.TimestampConverter$Key' (org.apache.kafka.connect.runtime.isolation.DelegatingClassLoader:217)
[2022-03-03 12:01:51,310] INFO Added plugin 'org.apache.kafka.connect.transforms.MaskField$Value' (org.apache.kafka.connect.runtime.isolation.DelegatingClassLoader:217)
[2022-03-03 12:01:51,317] INFO Added plugin 'org.apache.kafka.connect.transforms.TimestampRouter' (org.apache.kafka.connect.runtime.isolation.DelegatingClassLoader:217)
[2022-03-03 12:01:51,317] INFO Added plugin 'org.apache.kafka.connect.transforms.RegexRouter' (org.apache.kafka.connect.runtime.isolation.DelegatingClassLoader:217)
[2022-03-03 12:01:51,336] INFO Added plugin 'org.apache.kafka.connect.transforms.HoistField$Value' (org.apache.kafka.connect.runtime.isolation.DelegatingClassLoader:217)
[2022-03-03 12:01:51,339] INFO Added plugin 'org.apache.kafka.connect.transforms.ValueToKey' (org.apache.kafka.connect.runtime.isolation.DelegatingClassLoader:217)
[2022-03-03 12:01:51,340] INFO Added plugin 'org.apache.kafka.connect.transforms.MaskField$Key' (org.apache.kafka.connect.runtime.isolation.DelegatingClassLoader:217)
[2022-03-03 12:01:51,340] INFO Added plugin 'org.apache.kafka.connect.transforms.DropHeaders' (org.apache.kafka.connect.runtime.isolation.DelegatingClassLoader:217)
[2022-03-03 12:01:51,340] INFO Added plugin 'org.apache.kafka.connect.transforms.Cast$Key' (org.apache.kafka.connect.runtime.isolation.DelegatingClassLoader:217)
[2022-03-03 12:01:51,340] INFO Added plugin 'org.apache.kafka.connect.transforms.Cast$Value' (org.apache.kafka.connect.runtime.isolation.DelegatingClassLoader:217)
[2022-03-03 12:01:51,340] INFO Added plugin 'org.apache.kafka.connect.runtime.PredicatedTransformation' (org.apache.kafka.connect.runtime.isolation.DelegatingClassLoader:217)
[2022-03-03 12:01:51,341] INFO Added plugin 'org.apache.kafka.connect.transforms.ExtractField$Key' (org.apache.kafka.connect.runtime.isolation.DelegatingClassLoader:217)
[2022-03-03 12:01:51,341] INFO Added plugin 'org.apache.kafka.connect.transforms.Flatten$Value' (org.apache.kafka.connect.runtime.isolation.DelegatingClassLoader:217)
[2022-03-03 12:01:51,341] INFO Added plugin 'org.apache.kafka.connect.transforms.InsertHeader' (org.apache.kafka.connect.runtime.isolation.DelegatingClassLoader:217)
[2022-03-03 12:01:51,341] INFO Added plugin 'org.apache.kafka.connect.transforms.InsertField$Key' (org.apache.kafka.connect.runtime.isolation.DelegatingClassLoader:217)
[2022-03-03 12:01:51,341] INFO Added plugin 'org.apache.kafka.connect.transforms.Flatten$Key' (org.apache.kafka.connect.runtime.isolation.DelegatingClassLoader:217)
[2022-03-03 12:01:51,341] INFO Added plugin 'org.apache.kafka.connect.transforms.HeaderFrom$Value' (org.apache.kafka.connect.runtime.isolation.DelegatingClassLoader:217)
[2022-03-03 12:01:51,341] INFO Added plugin 'org.apache.kafka.connect.transforms.SetSchemaMetadata$Key' (org.apache.kafka.connect.runtime.isolation.DelegatingClassLoader:217)
[2022-03-03 12:01:51,342] INFO Added plugin 'org.apache.kafka.connect.transforms.ExtractField$Value' (org.apache.kafka.connect.runtime.isolation.DelegatingClassLoader:217)
[2022-03-03 12:01:51,342] INFO Added plugin 'org.apache.kafka.connect.transforms.TimestampConverter$Value' (org.apache.kafka.connect.runtime.isolation.DelegatingClassLoader:217)
[2022-03-03 12:01:51,342] INFO Added plugin 'org.apache.kafka.connect.transforms.HoistField$Key' (org.apache.kafka.connect.runtime.isolation.DelegatingClassLoader:217)
[2022-03-03 12:01:51,342] INFO Added plugin 'org.apache.kafka.connect.transforms.predicates.HasHeaderKey' (org.apache.kafka.connect.runtime.isolation.DelegatingClassLoader:217)
[2022-03-03 12:01:51,342] INFO Added plugin 'org.apache.kafka.connect.transforms.predicates.RecordIsTombstone' (org.apache.kafka.connect.runtime.isolation.DelegatingClassLoader:217)
[2022-03-03 12:01:51,342] INFO Added plugin 'org.apache.kafka.connect.transforms.predicates.TopicNameMatches' (org.apache.kafka.connect.runtime.isolation.DelegatingClassLoader:217)
[2022-03-03 12:01:51,342] INFO Added plugin 'org.apache.kafka.common.config.provider.FileConfigProvider' (org.apache.kafka.connect.runtime.isolation.DelegatingClassLoader:217)
[2022-03-03 12:01:51,342] INFO Added plugin 'org.apache.kafka.common.config.provider.DirectoryConfigProvider' (org.apache.kafka.connect.runtime.isolation.DelegatingClassLoader:217)
[2022-03-03 12:01:51,343] INFO Added plugin 'org.apache.kafka.connect.rest.basic.auth.extension.BasicAuthSecurityRestExtension' (org.apache.kafka.connect.runtime.isolation.DelegatingClassLoader:217)
[2022-03-03 12:01:51,343] INFO Added plugin 'org.apache.kafka.connect.connector.policy.AllConnectorClientConfigOverridePolicy' (org.apache.kafka.connect.runtime.isolation.DelegatingClassLoader:217)
[2022-03-03 12:01:51,343] INFO Added plugin 'org.apache.kafka.connect.connector.policy.PrincipalConnectorClientConfigOverridePolicy' (org.apache.kafka.connect.runtime.isolation.DelegatingClassLoader:217)
[2022-03-03 12:01:51,343] INFO Added plugin 'org.apache.kafka.connect.connector.policy.NoneConnectorClientConfigOverridePolicy' (org.apache.kafka.connect.runtime.isolation.DelegatingClassLoader:217)
[2022-03-03 12:01:51,345] INFO Added aliases 'FileStreamSinkConnector' and 'FileStreamSink' to plugin 'org.apache.kafka.connect.file.FileStreamSinkConnector' (org.apache.kafka.connect.runtime.isolation.DelegatingClassLoader:462)
[2022-03-03 12:01:51,345] INFO Added aliases 'FileStreamSourceConnector' and 'FileStreamSource' to plugin 'org.apache.kafka.connect.file.FileStreamSourceConnector' (org.apache.kafka.connect.runtime.isolation.DelegatingClassLoader:462)
[2022-03-03 12:01:51,345] INFO Added aliases 'MirrorCheckpointConnector' and 'MirrorCheckpoint' to plugin 'org.apache.kafka.connect.mirror.MirrorCheckpointConnector' (org.apache.kafka.connect.runtime.isolation.DelegatingClassLoader:462)
[2022-03-03 12:01:51,346] INFO Added aliases 'MirrorHeartbeatConnector' and 'MirrorHeartbeat' to plugin 'org.apache.kafka.connect.mirror.MirrorHeartbeatConnector' (org.apache.kafka.connect.runtime.isolation.DelegatingClassLoader:462)
[2022-03-03 12:01:51,347] INFO Added aliases 'MirrorSourceConnector' and 'MirrorSource' to plugin 'org.apache.kafka.connect.mirror.MirrorSourceConnector' (org.apache.kafka.connect.runtime.isolation.DelegatingClassLoader:462)
[2022-03-03 12:01:51,347] INFO Added aliases 'MockConnector' and 'Mock' to plugin 'org.apache.kafka.connect.tools.MockConnector' (org.apache.kafka.connect.runtime.isolation.DelegatingClassLoader:462)
[2022-03-03 12:01:51,348] INFO Added aliases 'MockSinkConnector' and 'MockSink' to plugin 'org.apache.kafka.connect.tools.MockSinkConnector' (org.apache.kafka.connect.runtime.isolation.DelegatingClassLoader:462)
[2022-03-03 12:01:51,348] INFO Added aliases 'MockSourceConnector' and 'MockSource' to plugin 'org.apache.kafka.connect.tools.MockSourceConnector' (org.apache.kafka.connect.runtime.isolation.DelegatingClassLoader:462)
[2022-03-03 12:01:51,348] INFO Added aliases 'SchemaSourceConnector' and 'SchemaSource' to plugin 'org.apache.kafka.connect.tools.SchemaSourceConnector' (org.apache.kafka.connect.runtime.isolation.DelegatingClassLoader:462)
[2022-03-03 12:01:51,348] INFO Added aliases 'VerifiableSinkConnector' and 'VerifiableSink' to plugin 'org.apache.kafka.connect.tools.VerifiableSinkConnector' (org.apache.kafka.connect.runtime.isolation.DelegatingClassLoader:462)
[2022-03-03 12:01:51,348] INFO Added aliases 'VerifiableSourceConnector' and 'VerifiableSource' to plugin 'org.apache.kafka.connect.tools.VerifiableSourceConnector' (org.apache.kafka.connect.runtime.isolation.DelegatingClassLoader:462)
[2022-03-03 12:01:51,348] INFO Added aliases 'ByteArrayConverter' and 'ByteArray' to plugin 'org.apache.kafka.connect.converters.ByteArrayConverter' (org.apache.kafka.connect.runtime.isolation.DelegatingClassLoader:462)
[2022-03-03 12:01:51,349] INFO Added aliases 'DoubleConverter' and 'Double' to plugin 'org.apache.kafka.connect.converters.DoubleConverter' (org.apache.kafka.connect.runtime.isolation.DelegatingClassLoader:462)
[2022-03-03 12:01:51,350] INFO Added aliases 'FloatConverter' and 'Float' to plugin 'org.apache.kafka.connect.converters.FloatConverter' (org.apache.kafka.connect.runtime.isolation.DelegatingClassLoader:462)
[2022-03-03 12:01:51,350] INFO Added aliases 'IntegerConverter' and 'Integer' to plugin 'org.apache.kafka.connect.converters.IntegerConverter' (org.apache.kafka.connect.runtime.isolation.DelegatingClassLoader:462)
[2022-03-03 12:01:51,350] INFO Added aliases 'LongConverter' and 'Long' to plugin 'org.apache.kafka.connect.converters.LongConverter' (org.apache.kafka.connect.runtime.isolation.DelegatingClassLoader:462)
[2022-03-03 12:01:51,350] INFO Added aliases 'ShortConverter' and 'Short' to plugin 'org.apache.kafka.connect.converters.ShortConverter' (org.apache.kafka.connect.runtime.isolation.DelegatingClassLoader:462)
[2022-03-03 12:01:51,350] INFO Added aliases 'JsonConverter' and 'Json' to plugin 'org.apache.kafka.connect.json.JsonConverter' (org.apache.kafka.connect.runtime.isolation.DelegatingClassLoader:462)
[2022-03-03 12:01:51,350] INFO Added aliases 'StringConverter' and 'String' to plugin 'org.apache.kafka.connect.storage.StringConverter' (org.apache.kafka.connect.runtime.isolation.DelegatingClassLoader:462)
[2022-03-03 12:01:51,351] INFO Added aliases 'ByteArrayConverter' and 'ByteArray' to plugin 'org.apache.kafka.connect.converters.ByteArrayConverter' (org.apache.kafka.connect.runtime.isolation.DelegatingClassLoader:462)
[2022-03-03 12:01:51,351] INFO Added aliases 'DoubleConverter' and 'Double' to plugin 'org.apache.kafka.connect.converters.DoubleConverter' (org.apache.kafka.connect.runtime.isolation.DelegatingClassLoader:462)
[2022-03-03 12:01:51,351] INFO Added aliases 'FloatConverter' and 'Float' to plugin 'org.apache.kafka.connect.converters.FloatConverter' (org.apache.kafka.connect.runtime.isolation.DelegatingClassLoader:462)
[2022-03-03 12:01:51,351] INFO Added aliases 'IntegerConverter' and 'Integer' to plugin 'org.apache.kafka.connect.converters.IntegerConverter' (org.apache.kafka.connect.runtime.isolation.DelegatingClassLoader:462)
[2022-03-03 12:01:51,351] INFO Added aliases 'LongConverter' and 'Long' to plugin 'org.apache.kafka.connect.converters.LongConverter' (org.apache.kafka.connect.runtime.isolation.DelegatingClassLoader:462)
[2022-03-03 12:01:51,352] INFO Added aliases 'ShortConverter' and 'Short' to plugin 'org.apache.kafka.connect.converters.ShortConverter' (org.apache.kafka.connect.runtime.isolation.DelegatingClassLoader:462)
[2022-03-03 12:01:51,352] INFO Added aliases 'JsonConverter' and 'Json' to plugin 'org.apache.kafka.connect.json.JsonConverter' (org.apache.kafka.connect.runtime.isolation.DelegatingClassLoader:462)
[2022-03-03 12:01:51,352] INFO Added alias 'SimpleHeaderConverter' to plugin 'org.apache.kafka.connect.storage.SimpleHeaderConverter' (org.apache.kafka.connect.runtime.isolation.DelegatingClassLoader:459)
[2022-03-03 12:01:51,352] INFO Added aliases 'StringConverter' and 'String' to plugin 'org.apache.kafka.connect.storage.StringConverter' (org.apache.kafka.connect.runtime.isolation.DelegatingClassLoader:462)
[2022-03-03 12:01:51,353] INFO Added aliases 'PredicatedTransformation' and 'Predicated' to plugin 'org.apache.kafka.connect.runtime.PredicatedTransformation' (org.apache.kafka.connect.runtime.isolation.DelegatingClassLoader:462)
[2022-03-03 12:01:51,353] INFO Added alias 'DropHeaders' to plugin 'org.apache.kafka.connect.transforms.DropHeaders' (org.apache.kafka.connect.runtime.isolation.DelegatingClassLoader:459)
[2022-03-03 12:01:51,353] INFO Added alias 'Filter' to plugin 'org.apache.kafka.connect.transforms.Filter' (org.apache.kafka.connect.runtime.isolation.DelegatingClassLoader:459)
[2022-03-03 12:01:51,353] INFO Added alias 'InsertHeader' to plugin 'org.apache.kafka.connect.transforms.InsertHeader' (org.apache.kafka.connect.runtime.isolation.DelegatingClassLoader:459)
[2022-03-03 12:01:51,353] INFO Added alias 'RegexRouter' to plugin 'org.apache.kafka.connect.transforms.RegexRouter' (org.apache.kafka.connect.runtime.isolation.DelegatingClassLoader:459)
[2022-03-03 12:01:51,353] INFO Added alias 'TimestampRouter' to plugin 'org.apache.kafka.connect.transforms.TimestampRouter' (org.apache.kafka.connect.runtime.isolation.DelegatingClassLoader:459)
[2022-03-03 12:01:51,353] INFO Added alias 'ValueToKey' to plugin 'org.apache.kafka.connect.transforms.ValueToKey' (org.apache.kafka.connect.runtime.isolation.DelegatingClassLoader:459)
[2022-03-03 12:01:51,354] INFO Added alias 'HasHeaderKey' to plugin 'org.apache.kafka.connect.transforms.predicates.HasHeaderKey' (org.apache.kafka.connect.runtime.isolation.DelegatingClassLoader:459)
[2022-03-03 12:01:51,354] INFO Added alias 'RecordIsTombstone' to plugin 'org.apache.kafka.connect.transforms.predicates.RecordIsTombstone' (org.apache.kafka.connect.runtime.isolation.DelegatingClassLoader:459)
[2022-03-03 12:01:51,354] INFO Added alias 'TopicNameMatches' to plugin 'org.apache.kafka.connect.transforms.predicates.TopicNameMatches' (org.apache.kafka.connect.runtime.isolation.DelegatingClassLoader:459)
[2022-03-03 12:01:51,354] INFO Added alias 'BasicAuthSecurityRestExtension' to plugin 'org.apache.kafka.connect.rest.basic.auth.extension.BasicAuthSecurityRestExtension' (org.apache.kafka.connect.runtime.isolation.DelegatingClassLoader:459)
[2022-03-03 12:01:51,354] INFO Added aliases 'AllConnectorClientConfigOverridePolicy' and 'All' to plugin 'org.apache.kafka.connect.connector.policy.AllConnectorClientConfigOverridePolicy' (org.apache.kafka.connect.runtime.isolation.DelegatingClassLoader:462)
[2022-03-03 12:01:51,354] INFO Added aliases 'NoneConnectorClientConfigOverridePolicy' and 'None' to plugin 'org.apache.kafka.connect.connector.policy.NoneConnectorClientConfigOverridePolicy' (org.apache.kafka.connect.runtime.isolation.DelegatingClassLoader:462)
[2022-03-03 12:01:51,354] INFO Added aliases 'PrincipalConnectorClientConfigOverridePolicy' and 'Principal' to plugin 'org.apache.kafka.connect.connector.policy.PrincipalConnectorClientConfigOverridePolicy' (org.apache.kafka.connect.runtime.isolation.DelegatingClassLoader:462)
[2022-03-03 12:01:51,425] INFO StandaloneConfig values: 
	access.control.allow.methods = 
	access.control.allow.origin = 
	admin.listeners = null
	bootstrap.servers = [localhost:9092]
	client.dns.lookup = use_all_dns_ips
	config.providers = []
	connector.client.config.override.policy = All
	header.converter = class org.apache.kafka.connect.storage.SimpleHeaderConverter
	key.converter = class org.apache.kafka.connect.json.JsonConverter
	listeners = [http://:8083]
	metric.reporters = []
	metrics.num.samples = 2
	metrics.recording.level = INFO
	metrics.sample.window.ms = 30000
	offset.flush.interval.ms = 10000
	offset.flush.timeout.ms = 5000
	offset.storage.file.filename = /tmp/connect.offsets
	plugin.path = null
	response.http.headers.config = 
	rest.advertised.host.name = null
	rest.advertised.listener = null
	rest.advertised.port = null
	rest.extension.classes = []
	ssl.cipher.suites = null
	ssl.client.auth = none
	ssl.enabled.protocols = [TLSv1.2, TLSv1.3]
	ssl.endpoint.identification.algorithm = https
	ssl.engine.factory.class = null
	ssl.key.password = null
	ssl.keymanager.algorithm = SunX509
	ssl.keystore.certificate.chain = null
	ssl.keystore.key = null
	ssl.keystore.location = null
	ssl.keystore.password = null
	ssl.keystore.type = JKS
	ssl.protocol = TLSv1.3
	ssl.provider = null
	ssl.secure.random.implementation = null
	ssl.trustmanager.algorithm = PKIX
	ssl.truststore.certificates = null
	ssl.truststore.location = null
	ssl.truststore.password = null
	ssl.truststore.type = JKS
	task.shutdown.graceful.timeout.ms = 5000
	topic.creation.enable = true
	topic.tracking.allow.reset = true
	topic.tracking.enable = true
	value.converter = class org.apache.kafka.connect.json.JsonConverter
 (org.apache.kafka.connect.runtime.standalone.StandaloneConfig:376)
[2022-03-03 12:01:51,454] WARN Variables cannot be used in the 'plugin.path' property, since the property is used by plugin scanning before the config providers that replace the variables are initialized. The raw value 'null' was used for plugin scanning, as opposed to the transformed value 'null', and this may cause unexpected results. (org.apache.kafka.connect.runtime.WorkerConfig:334)
[2022-03-03 12:01:51,455] INFO Creating Kafka admin client (org.apache.kafka.connect.util.ConnectUtils:49)
[2022-03-03 12:01:51,473] INFO AdminClientConfig values: 
	bootstrap.servers = [localhost:9092]
	client.dns.lookup = use_all_dns_ips
	client.id = 
	connections.max.idle.ms = 300000
	default.api.timeout.ms = 60000
	metadata.max.age.ms = 300000
	metric.reporters = []
	metrics.num.samples = 2
	metrics.recording.level = INFO
	metrics.sample.window.ms = 30000
	receive.buffer.bytes = 65536
	reconnect.backoff.max.ms = 1000
	reconnect.backoff.ms = 50
	request.timeout.ms = 30000
	retries = 2147483647
	retry.backoff.ms = 100
	sasl.client.callback.handler.class = null
	sasl.jaas.config = null
	sasl.kerberos.kinit.cmd = /usr/bin/kinit
	sasl.kerberos.min.time.before.relogin = 60000
	sasl.kerberos.service.name = null
	sasl.kerberos.ticket.renew.jitter = 0.05
	sasl.kerberos.ticket.renew.window.factor = 0.8
	sasl.login.callback.handler.class = null
	sasl.login.class = null
	sasl.login.connect.timeout.ms = null
	sasl.login.read.timeout.ms = null
	sasl.login.refresh.buffer.seconds = 300
	sasl.login.refresh.min.period.seconds = 60
	sasl.login.refresh.window.factor = 0.8
	sasl.login.refresh.window.jitter = 0.05
	sasl.login.retry.backoff.max.ms = 10000
	sasl.login.retry.backoff.ms = 100
	sasl.mechanism = GSSAPI
	sasl.oauthbearer.clock.skew.seconds = 30
	sasl.oauthbearer.expected.audience = null
	sasl.oauthbearer.expected.issuer = null
	sasl.oauthbearer.jwks.endpoint.refresh.ms = 3600000
	sasl.oauthbearer.jwks.endpoint.retry.backoff.max.ms = 10000
	sasl.oauthbearer.jwks.endpoint.retry.backoff.ms = 100
	sasl.oauthbearer.jwks.endpoint.url = null
	sasl.oauthbearer.scope.claim.name = scope
	sasl.oauthbearer.sub.claim.name = sub
	sasl.oauthbearer.token.endpoint.url = null
	security.protocol = PLAINTEXT
	security.providers = null
	send.buffer.bytes = 131072
	socket.connection.setup.timeout.max.ms = 30000
	socket.connection.setup.timeout.ms = 10000
	ssl.cipher.suites = null
	ssl.enabled.protocols = [TLSv1.2, TLSv1.3]
	ssl.endpoint.identification.algorithm = https
	ssl.engine.factory.class = null
	ssl.key.password = null
	ssl.keymanager.algorithm = SunX509
	ssl.keystore.certificate.chain = null
	ssl.keystore.key = null
	ssl.keystore.location = null
	ssl.keystore.password = null
	ssl.keystore.type = JKS
	ssl.protocol = TLSv1.3
	ssl.provider = null
	ssl.secure.random.implementation = null
	ssl.trustmanager.algorithm = PKIX
	ssl.truststore.certificates = null
	ssl.truststore.location = null
	ssl.truststore.password = null
	ssl.truststore.type = JKS
 (org.apache.kafka.clients.admin.AdminClientConfig:376)
[2022-03-03 12:01:51,651] WARN The configuration 'offset.flush.interval.ms' was supplied but isn't a known config. (org.apache.kafka.clients.admin.AdminClientConfig:384)
[2022-03-03 12:01:51,651] WARN The configuration 'key.converter.schemas.enable' was supplied but isn't a known config. (org.apache.kafka.clients.admin.AdminClientConfig:384)
[2022-03-03 12:01:51,651] WARN The configuration 'offset.storage.file.filename' was supplied but isn't a known config. (org.apache.kafka.clients.admin.AdminClientConfig:384)
[2022-03-03 12:01:51,651] WARN The configuration 'value.converter.schemas.enable' was supplied but isn't a known config. (org.apache.kafka.clients.admin.AdminClientConfig:384)
[2022-03-03 12:01:51,651] WARN The configuration 'value.converter' was supplied but isn't a known config. (org.apache.kafka.clients.admin.AdminClientConfig:384)
[2022-03-03 12:01:51,651] WARN The configuration 'key.converter' was supplied but isn't a known config. (org.apache.kafka.clients.admin.AdminClientConfig:384)
[2022-03-03 12:01:51,652] INFO Kafka version: 3.1.0 (org.apache.kafka.common.utils.AppInfoParser:119)
[2022-03-03 12:01:51,652] INFO Kafka commitId: 37edeed0777bacb3 (org.apache.kafka.common.utils.AppInfoParser:120)
[2022-03-03 12:01:51,652] INFO Kafka startTimeMs: 1646305311652 (org.apache.kafka.common.utils.AppInfoParser:121)
[2022-03-03 12:01:52,228] INFO Kafka cluster ID: p2FXp5PRSquzBxr8lBJWBw (org.apache.kafka.connect.util.ConnectUtils:65)
[2022-03-03 12:01:52,228] INFO App info kafka.admin.client for adminclient-1 unregistered (org.apache.kafka.common.utils.AppInfoParser:83)
[2022-03-03 12:01:52,268] INFO Metrics scheduler closed (org.apache.kafka.common.metrics.Metrics:659)
[2022-03-03 12:01:52,271] INFO Closing reporter org.apache.kafka.common.metrics.JmxReporter (org.apache.kafka.common.metrics.Metrics:663)
[2022-03-03 12:01:52,281] INFO Metrics reporters closed (org.apache.kafka.common.metrics.Metrics:669)
[2022-03-03 12:01:52,289] INFO Logging initialized @6044ms to org.eclipse.jetty.util.log.Slf4jLog (org.eclipse.jetty.util.log:170)
[2022-03-03 12:01:52,448] INFO Added connector for http://:8083 (org.apache.kafka.connect.runtime.rest.RestServer:117)
[2022-03-03 12:01:52,449] INFO Initializing REST server (org.apache.kafka.connect.runtime.rest.RestServer:188)
[2022-03-03 12:01:52,455] INFO jetty-9.4.43.v20210629; built: 2021-06-30T11:07:22.254Z; git: 526006ecfa3af7f1a27ef3a288e2bef7ea9dd7e8; jvm 11.0.13+8-Ubuntu-0ubuntu1.20.04 (org.eclipse.jetty.server.Server:375)
[2022-03-03 12:01:52,482] INFO Started http_8083@1af1347d{HTTP/1.1, (http/1.1)}{0.0.0.0:8083} (org.eclipse.jetty.server.AbstractConnector:331)
[2022-03-03 12:01:52,483] INFO Started @6238ms (org.eclipse.jetty.server.Server:415)
[2022-03-03 12:01:52,580] INFO Advertised URI: http://127.0.1.1:8083/ (org.apache.kafka.connect.runtime.rest.RestServer:355)
[2022-03-03 12:01:52,581] INFO REST server listening at http://127.0.1.1:8083/, advertising URL http://127.0.1.1:8083/ (org.apache.kafka.connect.runtime.rest.RestServer:203)
[2022-03-03 12:01:52,584] INFO Advertised URI: http://127.0.1.1:8083/ (org.apache.kafka.connect.runtime.rest.RestServer:355)
[2022-03-03 12:01:52,592] INFO REST admin endpoints at http://127.0.1.1:8083/ (org.apache.kafka.connect.runtime.rest.RestServer:204)
[2022-03-03 12:01:52,592] INFO Advertised URI: http://127.0.1.1:8083/ (org.apache.kafka.connect.runtime.rest.RestServer:355)
[2022-03-03 12:01:52,593] INFO Setting up All Policy for ConnectorClientConfigOverride. This will allow all client configurations to be overridden (org.apache.kafka.connect.connector.policy.AllConnectorClientConfigOverridePolicy:44)
[2022-03-03 12:01:52,597] INFO Creating Kafka admin client (org.apache.kafka.connect.util.ConnectUtils:49)
[2022-03-03 12:01:52,599] INFO AdminClientConfig values: 
	bootstrap.servers = [localhost:9092]
	client.dns.lookup = use_all_dns_ips
	client.id = 
	connections.max.idle.ms = 300000
	default.api.timeout.ms = 60000
	metadata.max.age.ms = 300000
	metric.reporters = []
	metrics.num.samples = 2
	metrics.recording.level = INFO
	metrics.sample.window.ms = 30000
	receive.buffer.bytes = 65536
	reconnect.backoff.max.ms = 1000
	reconnect.backoff.ms = 50
	request.timeout.ms = 30000
	retries = 2147483647
	retry.backoff.ms = 100
	sasl.client.callback.handler.class = null
	sasl.jaas.config = null
	sasl.kerberos.kinit.cmd = /usr/bin/kinit
	sasl.kerberos.min.time.before.relogin = 60000
	sasl.kerberos.service.name = null
	sasl.kerberos.ticket.renew.jitter = 0.05
	sasl.kerberos.ticket.renew.window.factor = 0.8
	sasl.login.callback.handler.class = null
	sasl.login.class = null
	sasl.login.connect.timeout.ms = null
	sasl.login.read.timeout.ms = null
	sasl.login.refresh.buffer.seconds = 300
	sasl.login.refresh.min.period.seconds = 60
	sasl.login.refresh.window.factor = 0.8
	sasl.login.refresh.window.jitter = 0.05
	sasl.login.retry.backoff.max.ms = 10000
	sasl.login.retry.backoff.ms = 100
	sasl.mechanism = GSSAPI
	sasl.oauthbearer.clock.skew.seconds = 30
	sasl.oauthbearer.expected.audience = null
	sasl.oauthbearer.expected.issuer = null
	sasl.oauthbearer.jwks.endpoint.refresh.ms = 3600000
	sasl.oauthbearer.jwks.endpoint.retry.backoff.max.ms = 10000
	sasl.oauthbearer.jwks.endpoint.retry.backoff.ms = 100
	sasl.oauthbearer.jwks.endpoint.url = null
	sasl.oauthbearer.scope.claim.name = scope
	sasl.oauthbearer.sub.claim.name = sub
	sasl.oauthbearer.token.endpoint.url = null
	security.protocol = PLAINTEXT
	security.providers = null
	send.buffer.bytes = 131072
	socket.connection.setup.timeout.max.ms = 30000
	socket.connection.setup.timeout.ms = 10000
	ssl.cipher.suites = null
	ssl.enabled.protocols = [TLSv1.2, TLSv1.3]
	ssl.endpoint.identification.algorithm = https
	ssl.engine.factory.class = null
	ssl.key.password = null
	ssl.keymanager.algorithm = SunX509
	ssl.keystore.certificate.chain = null
	ssl.keystore.key = null
	ssl.keystore.location = null
	ssl.keystore.password = null
	ssl.keystore.type = JKS
	ssl.protocol = TLSv1.3
	ssl.provider = null
	ssl.secure.random.implementation = null
	ssl.trustmanager.algorithm = PKIX
	ssl.truststore.certificates = null
	ssl.truststore.location = null
	ssl.truststore.password = null
	ssl.truststore.type = JKS
 (org.apache.kafka.clients.admin.AdminClientConfig:376)
[2022-03-03 12:01:52,614] WARN The configuration 'offset.flush.interval.ms' was supplied but isn't a known config. (org.apache.kafka.clients.admin.AdminClientConfig:384)
[2022-03-03 12:01:52,620] WARN The configuration 'key.converter.schemas.enable' was supplied but isn't a known config. (org.apache.kafka.clients.admin.AdminClientConfig:384)
[2022-03-03 12:01:52,620] WARN The configuration 'offset.storage.file.filename' was supplied but isn't a known config. (org.apache.kafka.clients.admin.AdminClientConfig:384)
[2022-03-03 12:01:52,620] WARN The configuration 'value.converter.schemas.enable' was supplied but isn't a known config. (org.apache.kafka.clients.admin.AdminClientConfig:384)
[2022-03-03 12:01:52,620] WARN The configuration 'value.converter' was supplied but isn't a known config. (org.apache.kafka.clients.admin.AdminClientConfig:384)
[2022-03-03 12:01:52,620] WARN The configuration 'key.converter' was supplied but isn't a known config. (org.apache.kafka.clients.admin.AdminClientConfig:384)
[2022-03-03 12:01:52,621] INFO Kafka version: 3.1.0 (org.apache.kafka.common.utils.AppInfoParser:119)
[2022-03-03 12:01:52,636] INFO Kafka commitId: 37edeed0777bacb3 (org.apache.kafka.common.utils.AppInfoParser:120)
[2022-03-03 12:01:52,636] INFO Kafka startTimeMs: 1646305312621 (org.apache.kafka.common.utils.AppInfoParser:121)
[2022-03-03 12:01:52,651] INFO Kafka cluster ID: p2FXp5PRSquzBxr8lBJWBw (org.apache.kafka.connect.util.ConnectUtils:65)
[2022-03-03 12:01:52,651] INFO App info kafka.admin.client for adminclient-2 unregistered (org.apache.kafka.common.utils.AppInfoParser:83)
[2022-03-03 12:01:52,690] INFO Metrics scheduler closed (org.apache.kafka.common.metrics.Metrics:659)
[2022-03-03 12:01:52,690] INFO Closing reporter org.apache.kafka.common.metrics.JmxReporter (org.apache.kafka.common.metrics.Metrics:663)
[2022-03-03 12:01:52,690] INFO Metrics reporters closed (org.apache.kafka.common.metrics.Metrics:669)
[2022-03-03 12:01:52,692] INFO Kafka version: 3.1.0 (org.apache.kafka.common.utils.AppInfoParser:119)
[2022-03-03 12:01:52,693] INFO Kafka commitId: 37edeed0777bacb3 (org.apache.kafka.common.utils.AppInfoParser:120)
[2022-03-03 12:01:52,693] INFO Kafka startTimeMs: 1646305312692 (org.apache.kafka.common.utils.AppInfoParser:121)
[2022-03-03 12:01:52,876] INFO JsonConverterConfig values: 
	converter.type = key
	decimal.format = BASE64
	schemas.cache.size = 1000
	schemas.enable = false
 (org.apache.kafka.connect.json.JsonConverterConfig:376)
[2022-03-03 12:01:52,877] INFO JsonConverterConfig values: 
	converter.type = value
	decimal.format = BASE64
	schemas.cache.size = 1000
	schemas.enable = false
 (org.apache.kafka.connect.json.JsonConverterConfig:376)
[2022-03-03 12:01:52,884] INFO Kafka Connect standalone worker initialization took 5860ms (org.apache.kafka.connect.cli.ConnectStandalone:99)
[2022-03-03 12:01:52,884] INFO Kafka Connect starting (org.apache.kafka.connect.runtime.Connect:51)
[2022-03-03 12:01:52,884] INFO Herder starting (org.apache.kafka.connect.runtime.standalone.StandaloneHerder:98)
[2022-03-03 12:01:52,885] INFO Worker starting (org.apache.kafka.connect.runtime.Worker:185)
[2022-03-03 12:01:52,885] INFO Starting FileOffsetBackingStore with file /tmp/connect.offsets (org.apache.kafka.connect.storage.FileOffsetBackingStore:58)
[2022-03-03 12:01:52,913] INFO Worker started (org.apache.kafka.connect.runtime.Worker:192)
[2022-03-03 12:01:52,932] INFO Herder started (org.apache.kafka.connect.runtime.standalone.StandaloneHerder:101)
[2022-03-03 12:01:52,932] INFO Initializing REST resources (org.apache.kafka.connect.runtime.rest.RestServer:208)
[2022-03-03 12:01:53,117] INFO Adding admin resources to main listener (org.apache.kafka.connect.runtime.rest.RestServer:225)
[2022-03-03 12:01:53,265] INFO DefaultSessionIdManager workerName=node0 (org.eclipse.jetty.server.session:334)
[2022-03-03 12:01:53,280] INFO No SessionScavenger set, using defaults (org.eclipse.jetty.server.session:339)
[2022-03-03 12:01:53,281] INFO node0 Scavenging every 600000ms (org.eclipse.jetty.server.session:132)
[2022-03-03 12:01:54,330] INFO Started o.e.j.s.ServletContextHandler@15dd5ac2{/,null,AVAILABLE} (org.eclipse.jetty.server.handler.ContextHandler:915)
[2022-03-03 12:01:54,349] INFO REST resources initialized; server is started and ready to handle requests (org.apache.kafka.connect.runtime.rest.RestServer:303)
[2022-03-03 12:01:54,349] INFO Kafka Connect started (org.apache.kafka.connect.runtime.Connect:57)
[2022-03-03 12:01:54,381] INFO AbstractConfig values: 
 (org.apache.kafka.common.config.AbstractConfig:376)
[2022-03-03 12:01:54,417] INFO [local-file-source|worker] Creating connector local-file-source of type FileStreamSource (org.apache.kafka.connect.runtime.Worker:265)
[2022-03-03 12:01:54,432] INFO [local-file-source|worker] SourceConnectorConfig values: 
	config.action.reload = restart
	connector.class = FileStreamSource
	errors.log.enable = false
	errors.log.include.messages = false
	errors.retry.delay.max.ms = 60000
	errors.retry.timeout = 0
	errors.tolerance = none
	header.converter = null
	key.converter = null
	name = local-file-source
	predicates = []
	tasks.max = 1
	topic.creation.groups = []
	transforms = []
	value.converter = null
 (org.apache.kafka.connect.runtime.SourceConnectorConfig:376)
[2022-03-03 12:01:54,433] INFO [local-file-source|worker] EnrichedConnectorConfig values: 
	config.action.reload = restart
	connector.class = FileStreamSource
	errors.log.enable = false
	errors.log.include.messages = false
	errors.retry.delay.max.ms = 60000
	errors.retry.timeout = 0
	errors.tolerance = none
	header.converter = null
	key.converter = null
	name = local-file-source
	predicates = []
	tasks.max = 1
	topic.creation.groups = []
	transforms = []
	value.converter = null
 (org.apache.kafka.connect.runtime.ConnectorConfig$EnrichedConnectorConfig:376)
[2022-03-03 12:01:54,448] INFO [local-file-source|worker] Instantiated connector local-file-source with version 3.1.0 of type class org.apache.kafka.connect.file.FileStreamSourceConnector (org.apache.kafka.connect.runtime.Worker:275)
[2022-03-03 12:01:54,449] INFO [local-file-source|worker] Finished creating connector local-file-source (org.apache.kafka.connect.runtime.Worker:300)
[2022-03-03 12:01:54,463] INFO [local-file-source|worker] AbstractConfig values: 
	batch.size = 2000
	file = test.txt
	topic = [test]
 (org.apache.kafka.common.config.AbstractConfig:376)
[2022-03-03 12:01:54,482] INFO SourceConnectorConfig values: 
	config.action.reload = restart
	connector.class = FileStreamSource
	errors.log.enable = false
	errors.log.include.messages = false
	errors.retry.delay.max.ms = 60000
	errors.retry.timeout = 0
	errors.tolerance = none
	header.converter = null
	key.converter = null
	name = local-file-source
	predicates = []
	tasks.max = 1
	topic.creation.groups = []
	transforms = []
	value.converter = null
 (org.apache.kafka.connect.runtime.SourceConnectorConfig:376)
[2022-03-03 12:01:54,483] INFO EnrichedConnectorConfig values: 
	config.action.reload = restart
	connector.class = FileStreamSource
	errors.log.enable = false
	errors.log.include.messages = false
	errors.retry.delay.max.ms = 60000
	errors.retry.timeout = 0
	errors.tolerance = none
	header.converter = null
	key.converter = null
	name = local-file-source
	predicates = []
	tasks.max = 1
	topic.creation.groups = []
	transforms = []
	value.converter = null
 (org.apache.kafka.connect.runtime.ConnectorConfig$EnrichedConnectorConfig:376)
[2022-03-03 12:01:54,485] INFO [local-file-source|task-0] Creating task local-file-source-0 (org.apache.kafka.connect.runtime.Worker:499)
[2022-03-03 12:01:54,487] INFO [local-file-source|task-0] ConnectorConfig values: 
	config.action.reload = restart
	connector.class = FileStreamSource
	errors.log.enable = false
	errors.log.include.messages = false
	errors.retry.delay.max.ms = 60000
	errors.retry.timeout = 0
	errors.tolerance = none
	header.converter = null
	key.converter = null
	name = local-file-source
	predicates = []
	tasks.max = 1
	transforms = []
	value.converter = null
 (org.apache.kafka.connect.runtime.ConnectorConfig:376)
[2022-03-03 12:01:54,488] INFO [local-file-source|task-0] EnrichedConnectorConfig values: 
	config.action.reload = restart
	connector.class = FileStreamSource
	errors.log.enable = false
	errors.log.include.messages = false
	errors.retry.delay.max.ms = 60000
	errors.retry.timeout = 0
	errors.tolerance = none
	header.converter = null
	key.converter = null
	name = local-file-source
	predicates = []
	tasks.max = 1
	transforms = []
	value.converter = null
 (org.apache.kafka.connect.runtime.ConnectorConfig$EnrichedConnectorConfig:376)
[2022-03-03 12:01:54,496] INFO [local-file-source|task-0] TaskConfig values: 
	task.class = class org.apache.kafka.connect.file.FileStreamSourceTask
 (org.apache.kafka.connect.runtime.TaskConfig:376)
[2022-03-03 12:01:54,496] INFO [local-file-source|task-0] Instantiated task local-file-source-0 with version 3.1.0 of type org.apache.kafka.connect.file.FileStreamSourceTask (org.apache.kafka.connect.runtime.Worker:514)
[2022-03-03 12:01:54,497] INFO [local-file-source|task-0] JsonConverterConfig values: 
	converter.type = key
	decimal.format = BASE64
	schemas.cache.size = 1000
	schemas.enable = true
 (org.apache.kafka.connect.json.JsonConverterConfig:376)
[2022-03-03 12:01:54,509] INFO [local-file-source|task-0] Set up the key converter class org.apache.kafka.connect.json.JsonConverter for task local-file-source-0 using the worker config (org.apache.kafka.connect.runtime.Worker:527)
[2022-03-03 12:01:54,509] INFO [local-file-source|task-0] JsonConverterConfig values: 
	converter.type = value
	decimal.format = BASE64
	schemas.cache.size = 1000
	schemas.enable = true
 (org.apache.kafka.connect.json.JsonConverterConfig:376)
[2022-03-03 12:01:54,510] INFO [local-file-source|task-0] Set up the value converter class org.apache.kafka.connect.json.JsonConverter for task local-file-source-0 using the worker config (org.apache.kafka.connect.runtime.Worker:533)
[2022-03-03 12:01:54,511] INFO [local-file-source|task-0] Set up the header converter class org.apache.kafka.connect.storage.SimpleHeaderConverter for task local-file-source-0 using the worker config (org.apache.kafka.connect.runtime.Worker:540)
[2022-03-03 12:01:54,524] INFO [local-file-source|task-0] SourceConnectorConfig values: 
	config.action.reload = restart
	connector.class = FileStreamSource
	errors.log.enable = false
	errors.log.include.messages = false
	errors.retry.delay.max.ms = 60000
	errors.retry.timeout = 0
	errors.tolerance = none
	header.converter = null
	key.converter = null
	name = local-file-source
	predicates = []
	tasks.max = 1
	topic.creation.groups = []
	transforms = []
	value.converter = null
 (org.apache.kafka.connect.runtime.SourceConnectorConfig:376)
[2022-03-03 12:01:54,526] INFO [local-file-source|task-0] EnrichedConnectorConfig values: 
	config.action.reload = restart
	connector.class = FileStreamSource
	errors.log.enable = false
	errors.log.include.messages = false
	errors.retry.delay.max.ms = 60000
	errors.retry.timeout = 0
	errors.tolerance = none
	header.converter = null
	key.converter = null
	name = local-file-source
	predicates = []
	tasks.max = 1
	topic.creation.groups = []
	transforms = []
	value.converter = null
 (org.apache.kafka.connect.runtime.ConnectorConfig$EnrichedConnectorConfig:376)
[2022-03-03 12:01:54,529] INFO [local-file-source|task-0] Initializing: org.apache.kafka.connect.runtime.TransformationChain{} (org.apache.kafka.connect.runtime.Worker:594)
[2022-03-03 12:01:54,565] INFO [local-file-source|task-0] ProducerConfig values: 
	acks = -1
	batch.size = 16384
	bootstrap.servers = [localhost:9092]
	buffer.memory = 33554432
	client.dns.lookup = use_all_dns_ips
	client.id = connector-producer-local-file-source-0
	compression.type = none
	connections.max.idle.ms = 540000
	delivery.timeout.ms = 2147483647
	enable.idempotence = true
	interceptor.classes = []
	key.serializer = class org.apache.kafka.common.serialization.ByteArraySerializer
	linger.ms = 0
	max.block.ms = 9223372036854775807
	max.in.flight.requests.per.connection = 1
	max.request.size = 1048576
	metadata.max.age.ms = 300000
	metadata.max.idle.ms = 300000
	metric.reporters = []
	metrics.num.samples = 2
	metrics.recording.level = INFO
	metrics.sample.window.ms = 30000
	partitioner.class = class org.apache.kafka.clients.producer.internals.DefaultPartitioner
	receive.buffer.bytes = 32768
	reconnect.backoff.max.ms = 1000
	reconnect.backoff.ms = 50
	request.timeout.ms = 30000
	retries = 2147483647
	retry.backoff.ms = 100
	sasl.client.callback.handler.class = null
	sasl.jaas.config = null
	sasl.kerberos.kinit.cmd = /usr/bin/kinit
	sasl.kerberos.min.time.before.relogin = 60000
	sasl.kerberos.service.name = null
	sasl.kerberos.ticket.renew.jitter = 0.05
	sasl.kerberos.ticket.renew.window.factor = 0.8
	sasl.login.callback.handler.class = null
	sasl.login.class = null
	sasl.login.connect.timeout.ms = null
	sasl.login.read.timeout.ms = null
	sasl.login.refresh.buffer.seconds = 300
	sasl.login.refresh.min.period.seconds = 60
	sasl.login.refresh.window.factor = 0.8
	sasl.login.refresh.window.jitter = 0.05
	sasl.login.retry.backoff.max.ms = 10000
	sasl.login.retry.backoff.ms = 100
	sasl.mechanism = GSSAPI
	sasl.oauthbearer.clock.skew.seconds = 30
	sasl.oauthbearer.expected.audience = null
	sasl.oauthbearer.expected.issuer = null
	sasl.oauthbearer.jwks.endpoint.refresh.ms = 3600000
	sasl.oauthbearer.jwks.endpoint.retry.backoff.max.ms = 10000
	sasl.oauthbearer.jwks.endpoint.retry.backoff.ms = 100
	sasl.oauthbearer.jwks.endpoint.url = null
	sasl.oauthbearer.scope.claim.name = scope
	sasl.oauthbearer.sub.claim.name = sub
	sasl.oauthbearer.token.endpoint.url = null
	security.protocol = PLAINTEXT
	security.providers = null
	send.buffer.bytes = 131072
	socket.connection.setup.timeout.max.ms = 30000
	socket.connection.setup.timeout.ms = 10000
	ssl.cipher.suites = null
	ssl.enabled.protocols = [TLSv1.2, TLSv1.3]
	ssl.endpoint.identification.algorithm = https
	ssl.engine.factory.class = null
	ssl.key.password = null
	ssl.keymanager.algorithm = SunX509
	ssl.keystore.certificate.chain = null
	ssl.keystore.key = null
	ssl.keystore.location = null
	ssl.keystore.password = null
	ssl.keystore.type = JKS
	ssl.protocol = TLSv1.3
	ssl.provider = null
	ssl.secure.random.implementation = null
	ssl.trustmanager.algorithm = PKIX
	ssl.truststore.certificates = null
	ssl.truststore.location = null
	ssl.truststore.password = null
	ssl.truststore.type = JKS
	transaction.timeout.ms = 60000
	transactional.id = null
	value.serializer = class org.apache.kafka.common.serialization.ByteArraySerializer
 (org.apache.kafka.clients.producer.ProducerConfig:376)
[2022-03-03 12:01:54,667] WARN [local-file-source|task-0] The configuration 'metrics.context.connect.kafka.cluster.id' was supplied but isn't a known config. (org.apache.kafka.clients.producer.ProducerConfig:384)
[2022-03-03 12:01:54,667] INFO [local-file-source|task-0] Kafka version: 3.1.0 (org.apache.kafka.common.utils.AppInfoParser:119)
[2022-03-03 12:01:54,667] INFO [local-file-source|task-0] Kafka commitId: 37edeed0777bacb3 (org.apache.kafka.common.utils.AppInfoParser:120)
[2022-03-03 12:01:54,667] INFO [local-file-source|task-0] Kafka startTimeMs: 1646305314667 (org.apache.kafka.common.utils.AppInfoParser:121)
[2022-03-03 12:01:54,693] INFO [local-file-source|task-0] [Producer clientId=connector-producer-local-file-source-0] Cluster ID: p2FXp5PRSquzBxr8lBJWBw (org.apache.kafka.clients.Metadata:287)
[2022-03-03 12:01:54,708] INFO Created connector local-file-source (org.apache.kafka.connect.cli.ConnectStandalone:109)
[2022-03-03 12:01:54,742] INFO AbstractConfig values: 
 (org.apache.kafka.common.config.AbstractConfig:376)
[2022-03-03 12:01:54,743] INFO [local-file-sink|worker] Creating connector local-file-sink of type FileStreamSink (org.apache.kafka.connect.runtime.Worker:265)
[2022-03-03 12:01:54,740] INFO [local-file-source|task-0] WorkerSourceTask{id=local-file-source-0} Source task finished initialization and start (org.apache.kafka.connect.runtime.WorkerSourceTask:226)
[2022-03-03 12:01:54,744] INFO [local-file-sink|worker] SinkConnectorConfig values: 
	config.action.reload = restart
	connector.class = FileStreamSink
	errors.deadletterqueue.context.headers.enable = false
	errors.deadletterqueue.topic.name = 
	errors.deadletterqueue.topic.replication.factor = 3
	errors.log.enable = false
	errors.log.include.messages = false
	errors.retry.delay.max.ms = 60000
	errors.retry.timeout = 0
	errors.tolerance = none
	header.converter = null
	key.converter = null
	name = local-file-sink
	predicates = []
	tasks.max = 1
	topics = [test]
	topics.regex = 
	transforms = []
	value.converter = null
 (org.apache.kafka.connect.runtime.SinkConnectorConfig:376)
[2022-03-03 12:01:54,746] INFO [local-file-sink|worker] EnrichedConnectorConfig values: 
	config.action.reload = restart
	connector.class = FileStreamSink
	errors.deadletterqueue.context.headers.enable = false
	errors.deadletterqueue.topic.name = 
	errors.deadletterqueue.topic.replication.factor = 3
	errors.log.enable = false
	errors.log.include.messages = false
	errors.retry.delay.max.ms = 60000
	errors.retry.timeout = 0
	errors.tolerance = none
	header.converter = null
	key.converter = null
	name = local-file-sink
	predicates = []
	tasks.max = 1
	topics = [test]
	topics.regex = 
	transforms = []
	value.converter = null
 (org.apache.kafka.connect.runtime.ConnectorConfig$EnrichedConnectorConfig:376)
[2022-03-03 12:01:54,747] INFO [local-file-sink|worker] Instantiated connector local-file-sink with version 3.1.0 of type class org.apache.kafka.connect.file.FileStreamSinkConnector (org.apache.kafka.connect.runtime.Worker:275)
[2022-03-03 12:01:54,746] INFO [local-file-source|task-0] WorkerSourceTask{id=local-file-source-0} Executing source task (org.apache.kafka.connect.runtime.WorkerSourceTask:232)
[2022-03-03 12:01:54,749] INFO [local-file-sink|worker] Finished creating connector local-file-sink (org.apache.kafka.connect.runtime.Worker:300)
[2022-03-03 12:01:54,766] INFO [local-file-sink|worker] AbstractConfig values: 
	file = test.sink.txt
 (org.apache.kafka.common.config.AbstractConfig:376)
[2022-03-03 12:01:54,813] INFO SinkConnectorConfig values: 
	config.action.reload = restart
	connector.class = FileStreamSink
	errors.deadletterqueue.context.headers.enable = false
	errors.deadletterqueue.topic.name = 
	errors.deadletterqueue.topic.replication.factor = 3
	errors.log.enable = false
	errors.log.include.messages = false
	errors.retry.delay.max.ms = 60000
	errors.retry.timeout = 0
	errors.tolerance = none
	header.converter = null
	key.converter = null
	name = local-file-sink
	predicates = []
	tasks.max = 1
	topics = [test]
	topics.regex = 
	transforms = []
	value.converter = null
 (org.apache.kafka.connect.runtime.SinkConnectorConfig:376)
[2022-03-03 12:01:54,814] INFO EnrichedConnectorConfig values: 
	config.action.reload = restart
	connector.class = FileStreamSink
	errors.deadletterqueue.context.headers.enable = false
	errors.deadletterqueue.topic.name = 
	errors.deadletterqueue.topic.replication.factor = 3
	errors.log.enable = false
	errors.log.include.messages = false
	errors.retry.delay.max.ms = 60000
	errors.retry.timeout = 0
	errors.tolerance = none
	header.converter = null
	key.converter = null
	name = local-file-sink
	predicates = []
	tasks.max = 1
	topics = [test]
	topics.regex = 
	transforms = []
	value.converter = null
 (org.apache.kafka.connect.runtime.ConnectorConfig$EnrichedConnectorConfig:376)
[2022-03-03 12:01:54,815] INFO [local-file-sink|task-0] Creating task local-file-sink-0 (org.apache.kafka.connect.runtime.Worker:499)
[2022-03-03 12:01:54,816] INFO [local-file-sink|task-0] ConnectorConfig values: 
	config.action.reload = restart
	connector.class = FileStreamSink
	errors.log.enable = false
	errors.log.include.messages = false
	errors.retry.delay.max.ms = 60000
	errors.retry.timeout = 0
	errors.tolerance = none
	header.converter = null
	key.converter = null
	name = local-file-sink
	predicates = []
	tasks.max = 1
	transforms = []
	value.converter = null
 (org.apache.kafka.connect.runtime.ConnectorConfig:376)
[2022-03-03 12:01:54,817] INFO [local-file-sink|task-0] EnrichedConnectorConfig values: 
	config.action.reload = restart
	connector.class = FileStreamSink
	errors.log.enable = false
	errors.log.include.messages = false
	errors.retry.delay.max.ms = 60000
	errors.retry.timeout = 0
	errors.tolerance = none
	header.converter = null
	key.converter = null
	name = local-file-sink
	predicates = []
	tasks.max = 1
	transforms = []
	value.converter = null
 (org.apache.kafka.connect.runtime.ConnectorConfig$EnrichedConnectorConfig:376)
[2022-03-03 12:01:54,818] INFO [local-file-sink|task-0] TaskConfig values: 
	task.class = class org.apache.kafka.connect.file.FileStreamSinkTask
 (org.apache.kafka.connect.runtime.TaskConfig:376)
[2022-03-03 12:01:54,818] INFO [local-file-sink|task-0] Instantiated task local-file-sink-0 with version 3.1.0 of type org.apache.kafka.connect.file.FileStreamSinkTask (org.apache.kafka.connect.runtime.Worker:514)
[2022-03-03 12:01:54,819] INFO [local-file-sink|task-0] JsonConverterConfig values: 
	converter.type = key
	decimal.format = BASE64
	schemas.cache.size = 1000
	schemas.enable = true
 (org.apache.kafka.connect.json.JsonConverterConfig:376)
[2022-03-03 12:01:54,822] INFO [local-file-sink|task-0] Set up the key converter class org.apache.kafka.connect.json.JsonConverter for task local-file-sink-0 using the worker config (org.apache.kafka.connect.runtime.Worker:527)
[2022-03-03 12:01:54,822] INFO [local-file-sink|task-0] JsonConverterConfig values: 
	converter.type = value
	decimal.format = BASE64
	schemas.cache.size = 1000
	schemas.enable = true
 (org.apache.kafka.connect.json.JsonConverterConfig:376)
[2022-03-03 12:01:54,823] INFO [local-file-sink|task-0] Set up the value converter class org.apache.kafka.connect.json.JsonConverter for task local-file-sink-0 using the worker config (org.apache.kafka.connect.runtime.Worker:533)
[2022-03-03 12:01:54,823] INFO [local-file-sink|task-0] Set up the header converter class org.apache.kafka.connect.storage.SimpleHeaderConverter for task local-file-sink-0 using the worker config (org.apache.kafka.connect.runtime.Worker:540)
[2022-03-03 12:01:54,824] INFO [local-file-sink|task-0] Initializing: org.apache.kafka.connect.runtime.TransformationChain{} (org.apache.kafka.connect.runtime.Worker:620)
[2022-03-03 12:01:54,824] INFO [local-file-sink|task-0] SinkConnectorConfig values: 
	config.action.reload = restart
	connector.class = FileStreamSink
	errors.deadletterqueue.context.headers.enable = false
	errors.deadletterqueue.topic.name = 
	errors.deadletterqueue.topic.replication.factor = 3
	errors.log.enable = false
	errors.log.include.messages = false
	errors.retry.delay.max.ms = 60000
	errors.retry.timeout = 0
	errors.tolerance = none
	header.converter = null
	key.converter = null
	name = local-file-sink
	predicates = []
	tasks.max = 1
	topics = [test]
	topics.regex = 
	transforms = []
	value.converter = null
 (org.apache.kafka.connect.runtime.SinkConnectorConfig:376)
[2022-03-03 12:01:54,825] INFO [local-file-sink|task-0] EnrichedConnectorConfig values: 
	config.action.reload = restart
	connector.class = FileStreamSink
	errors.deadletterqueue.context.headers.enable = false
	errors.deadletterqueue.topic.name = 
	errors.deadletterqueue.topic.replication.factor = 3
	errors.log.enable = false
	errors.log.include.messages = false
	errors.retry.delay.max.ms = 60000
	errors.retry.timeout = 0
	errors.tolerance = none
	header.converter = null
	key.converter = null
	name = local-file-sink
	predicates = []
	tasks.max = 1
	topics = [test]
	topics.regex = 
	transforms = []
	value.converter = null
 (org.apache.kafka.connect.runtime.ConnectorConfig$EnrichedConnectorConfig:376)
[2022-03-03 12:01:54,846] INFO [local-file-sink|task-0] ConsumerConfig values: 
	allow.auto.create.topics = true
	auto.commit.interval.ms = 5000
	auto.offset.reset = earliest
	bootstrap.servers = [localhost:9092]
	check.crcs = true
	client.dns.lookup = use_all_dns_ips
	client.id = connector-consumer-local-file-sink-0
	client.rack = 
	connections.max.idle.ms = 540000
	default.api.timeout.ms = 60000
	enable.auto.commit = false
	exclude.internal.topics = true
	fetch.max.bytes = 52428800
	fetch.max.wait.ms = 500
	fetch.min.bytes = 1
	group.id = connect-local-file-sink
	group.instance.id = null
	heartbeat.interval.ms = 3000
	interceptor.classes = []
	internal.leave.group.on.close = true
	internal.throw.on.fetch.stable.offset.unsupported = false
	isolation.level = read_uncommitted
	key.deserializer = class org.apache.kafka.common.serialization.ByteArrayDeserializer
	max.partition.fetch.bytes = 1048576
	max.poll.interval.ms = 300000
	max.poll.records = 500
	metadata.max.age.ms = 300000
	metric.reporters = []
	metrics.num.samples = 2
	metrics.recording.level = INFO
	metrics.sample.window.ms = 30000
	partition.assignment.strategy = [class org.apache.kafka.clients.consumer.RangeAssignor, class org.apache.kafka.clients.consumer.CooperativeStickyAssignor]
	receive.buffer.bytes = 65536
	reconnect.backoff.max.ms = 1000
	reconnect.backoff.ms = 50
	request.timeout.ms = 30000
	retry.backoff.ms = 100
	sasl.client.callback.handler.class = null
	sasl.jaas.config = null
	sasl.kerberos.kinit.cmd = /usr/bin/kinit
	sasl.kerberos.min.time.before.relogin = 60000
	sasl.kerberos.service.name = null
	sasl.kerberos.ticket.renew.jitter = 0.05
	sasl.kerberos.ticket.renew.window.factor = 0.8
	sasl.login.callback.handler.class = null
	sasl.login.class = null
	sasl.login.connect.timeout.ms = null
	sasl.login.read.timeout.ms = null
	sasl.login.refresh.buffer.seconds = 300
	sasl.login.refresh.min.period.seconds = 60
	sasl.login.refresh.window.factor = 0.8
	sasl.login.refresh.window.jitter = 0.05
	sasl.login.retry.backoff.max.ms = 10000
	sasl.login.retry.backoff.ms = 100
	sasl.mechanism = GSSAPI
	sasl.oauthbearer.clock.skew.seconds = 30
	sasl.oauthbearer.expected.audience = null
	sasl.oauthbearer.expected.issuer = null
	sasl.oauthbearer.jwks.endpoint.refresh.ms = 3600000
	sasl.oauthbearer.jwks.endpoint.retry.backoff.max.ms = 10000
	sasl.oauthbearer.jwks.endpoint.retry.backoff.ms = 100
	sasl.oauthbearer.jwks.endpoint.url = null
	sasl.oauthbearer.scope.claim.name = scope
	sasl.oauthbearer.sub.claim.name = sub
	sasl.oauthbearer.token.endpoint.url = null
	security.protocol = PLAINTEXT
	security.providers = null
	send.buffer.bytes = 131072
	session.timeout.ms = 45000
	socket.connection.setup.timeout.max.ms = 30000
	socket.connection.setup.timeout.ms = 10000
	ssl.cipher.suites = null
	ssl.enabled.protocols = [TLSv1.2, TLSv1.3]
	ssl.endpoint.identification.algorithm = https
	ssl.engine.factory.class = null
	ssl.key.password = null
	ssl.keymanager.algorithm = SunX509
	ssl.keystore.certificate.chain = null
	ssl.keystore.key = null
	ssl.keystore.location = null
	ssl.keystore.password = null
	ssl.keystore.type = JKS
	ssl.protocol = TLSv1.3
	ssl.provider = null
	ssl.secure.random.implementation = null
	ssl.trustmanager.algorithm = PKIX
	ssl.truststore.certificates = null
	ssl.truststore.location = null
	ssl.truststore.password = null
	ssl.truststore.type = JKS
	value.deserializer = class org.apache.kafka.common.serialization.ByteArrayDeserializer
 (org.apache.kafka.clients.consumer.ConsumerConfig:376)
[2022-03-03 12:01:55,083] WARN [local-file-sink|task-0] The configuration 'metrics.context.connect.kafka.cluster.id' was supplied but isn't a known config. (org.apache.kafka.clients.consumer.ConsumerConfig:384)
[2022-03-03 12:01:55,083] INFO [local-file-sink|task-0] Kafka version: 3.1.0 (org.apache.kafka.common.utils.AppInfoParser:119)
[2022-03-03 12:01:55,083] INFO [local-file-sink|task-0] Kafka commitId: 37edeed0777bacb3 (org.apache.kafka.common.utils.AppInfoParser:120)
[2022-03-03 12:01:55,083] INFO [local-file-sink|task-0] Kafka startTimeMs: 1646305315083 (org.apache.kafka.common.utils.AppInfoParser:121)
[2022-03-03 12:01:55,107] INFO Created connector local-file-sink (org.apache.kafka.connect.cli.ConnectStandalone:109)
[2022-03-03 12:01:55,109] INFO [local-file-sink|task-0] [Consumer clientId=connector-consumer-local-file-sink-0, groupId=connect-local-file-sink] Subscribed to topic(s): test (org.apache.kafka.clients.consumer.KafkaConsumer:966)
[2022-03-03 12:01:55,109] INFO [local-file-sink|task-0] WorkerSinkTask{id=local-file-sink-0} Sink task finished initialization and start (org.apache.kafka.connect.runtime.WorkerSinkTask:313)
[2022-03-03 12:01:55,110] INFO [local-file-sink|task-0] WorkerSinkTask{id=local-file-sink-0} Executing sink task (org.apache.kafka.connect.runtime.WorkerSinkTask:198)
[2022-03-03 12:01:55,152] INFO [local-file-sink|task-0] [Consumer clientId=connector-consumer-local-file-sink-0, groupId=connect-local-file-sink] Resetting the last seen epoch of partition test-0 to 0 since the associated topicId changed from null to JQmby_tsR6aqwap4QHsazA (org.apache.kafka.clients.Metadata:402)
[2022-03-03 12:01:55,161] INFO [local-file-sink|task-0] [Consumer clientId=connector-consumer-local-file-sink-0, groupId=connect-local-file-sink] Cluster ID: p2FXp5PRSquzBxr8lBJWBw (org.apache.kafka.clients.Metadata:287)
[2022-03-03 12:01:55,162] INFO [local-file-sink|task-0] [Consumer clientId=connector-consumer-local-file-sink-0, groupId=connect-local-file-sink] Discovered group coordinator mimaca1:9092 (id: 2147483647 rack: null) (org.apache.kafka.clients.consumer.internals.ConsumerCoordinator:853)
[2022-03-03 12:01:55,165] INFO [local-file-sink|task-0] [Consumer clientId=connector-consumer-local-file-sink-0, groupId=connect-local-file-sink] (Re-)joining group (org.apache.kafka.clients.consumer.internals.ConsumerCoordinator:535)
[2022-03-03 12:01:55,205] INFO [local-file-sink|task-0] [Consumer clientId=connector-consumer-local-file-sink-0, groupId=connect-local-file-sink] Request joining group due to: need to re-join with the given member-id (org.apache.kafka.clients.consumer.internals.ConsumerCoordinator:1000)
[2022-03-03 12:01:55,206] INFO [local-file-sink|task-0] [Consumer clientId=connector-consumer-local-file-sink-0, groupId=connect-local-file-sink] (Re-)joining group (org.apache.kafka.clients.consumer.internals.ConsumerCoordinator:535)
[2022-03-03 12:01:55,213] INFO [local-file-sink|task-0] [Consumer clientId=connector-consumer-local-file-sink-0, groupId=connect-local-file-sink] Successfully joined group with generation Generation{generationId=3, memberId='connector-consumer-local-file-sink-0-97878814-d2e3-4ba6-a947-5c1f2bb03951', protocol='range'} (org.apache.kafka.clients.consumer.internals.ConsumerCoordinator:595)
[2022-03-03 12:01:55,215] INFO [local-file-sink|task-0] [Consumer clientId=connector-consumer-local-file-sink-0, groupId=connect-local-file-sink] Finished assignment for group at generation 3: {connector-consumer-local-file-sink-0-97878814-d2e3-4ba6-a947-5c1f2bb03951=Assignment(partitions=[test-0])} (org.apache.kafka.clients.consumer.internals.ConsumerCoordinator:652)
[2022-03-03 12:01:55,221] INFO [local-file-sink|task-0] [Consumer clientId=connector-consumer-local-file-sink-0, groupId=connect-local-file-sink] Successfully synced group in generation Generation{generationId=3, memberId='connector-consumer-local-file-sink-0-97878814-d2e3-4ba6-a947-5c1f2bb03951', protocol='range'} (org.apache.kafka.clients.consumer.internals.ConsumerCoordinator:761)
[2022-03-03 12:01:55,234] INFO [local-file-sink|task-0] [Consumer clientId=connector-consumer-local-file-sink-0, groupId=connect-local-file-sink] Notifying assignor about the new Assignment(partitions=[test-0]) (org.apache.kafka.clients.consumer.internals.ConsumerCoordinator:279)
[2022-03-03 12:01:55,236] INFO [local-file-sink|task-0] [Consumer clientId=connector-consumer-local-file-sink-0, groupId=connect-local-file-sink] Adding newly assigned partitions: test-0 (org.apache.kafka.clients.consumer.internals.ConsumerCoordinator:291)
[2022-03-03 12:01:55,272] INFO [local-file-sink|task-0] [Consumer clientId=connector-consumer-local-file-sink-0, groupId=connect-local-file-sink] Found no committed offset for partition test-0 (org.apache.kafka.clients.consumer.internals.ConsumerCoordinator:1388)
[2022-03-03 12:01:55,308] INFO [local-file-sink|task-0] [Consumer clientId=connector-consumer-local-file-sink-0, groupId=connect-local-file-sink] Resetting offset for partition test-0 to position FetchPosition{offset=0, offsetEpoch=Optional.empty, currentLeader=LeaderAndEpoch{leader=Optional[mimaca1:9092 (id: 0 rack: null)], epoch=0}}. (org.apache.kafka.clients.consumer.internals.SubscriptionState:398)
[2022-03-03 12:01:55,408] ERROR [local-file-sink|task-0] WorkerSinkTask{id=local-file-sink-0} Task threw an uncaught and unrecoverable exception. Task is being killed and will not recover until manually restarted (org.apache.kafka.connect.runtime.WorkerTask:195)
org.apache.kafka.connect.errors.ConnectException: Tolerance exceeded in error handler
	at org.apache.kafka.connect.runtime.errors.RetryWithToleranceOperator.execAndHandleError(RetryWithToleranceOperator.java:206)
	at org.apache.kafka.connect.runtime.errors.RetryWithToleranceOperator.execute(RetryWithToleranceOperator.java:132)
	at org.apache.kafka.connect.runtime.WorkerSinkTask.convertAndTransformRecord(WorkerSinkTask.java:516)
	at org.apache.kafka.connect.runtime.WorkerSinkTask.convertMessages(WorkerSinkTask.java:493)
	at org.apache.kafka.connect.runtime.WorkerSinkTask.poll(WorkerSinkTask.java:332)
	at org.apache.kafka.connect.runtime.WorkerSinkTask.iteration(WorkerSinkTask.java:234)
	at org.apache.kafka.connect.runtime.WorkerSinkTask.execute(WorkerSinkTask.java:203)
	at org.apache.kafka.connect.runtime.WorkerTask.doRun(WorkerTask.java:188)
	at org.apache.kafka.connect.runtime.WorkerTask.run(WorkerTask.java:243)
	at java.base/java.util.concurrent.Executors$RunnableAdapter.call(Executors.java:515)
	at java.base/java.util.concurrent.FutureTask.run(FutureTask.java:264)
	at java.base/java.util.concurrent.ThreadPoolExecutor.runWorker(ThreadPoolExecutor.java:1128)
	at java.base/java.util.concurrent.ThreadPoolExecutor$Worker.run(ThreadPoolExecutor.java:628)
	at java.base/java.lang.Thread.run(Thread.java:829)
Caused by: org.apache.kafka.connect.errors.DataException: Converting byte[] to Kafka Connect data failed due to serialization error: 
	at org.apache.kafka.connect.json.JsonConverter.toConnectData(JsonConverter.java:324)
	at org.apache.kafka.connect.storage.Converter.toConnectData(Converter.java:87)
	at org.apache.kafka.connect.runtime.WorkerSinkTask.lambda$convertAndTransformRecord$4(WorkerSinkTask.java:516)
	at org.apache.kafka.connect.runtime.errors.RetryWithToleranceOperator.execAndRetry(RetryWithToleranceOperator.java:156)
	at org.apache.kafka.connect.runtime.errors.RetryWithToleranceOperator.execAndHandleError(RetryWithToleranceOperator.java:190)
	... 13 more
Caused by: org.apache.kafka.common.errors.SerializationException: com.fasterxml.jackson.core.JsonParseException: Unrecognized token 'hola': was expecting (JSON String, Number, Array, Object or token 'null', 'true' or 'false')
 at [Source: (byte[])"hola a todos"; line: 1, column: 6]
	at org.apache.kafka.connect.json.JsonDeserializer.deserialize(JsonDeserializer.java:66)
	at org.apache.kafka.connect.json.JsonConverter.toConnectData(JsonConverter.java:322)
	... 17 more
Caused by: com.fasterxml.jackson.core.JsonParseException: Unrecognized token 'hola': was expecting (JSON String, Number, Array, Object or token 'null', 'true' or 'false')
 at [Source: (byte[])"hola a todos"; line: 1, column: 6]
	at com.fasterxml.jackson.core.JsonParser._constructError(JsonParser.java:2337)
	at com.fasterxml.jackson.core.base.ParserMinimalBase._reportError(ParserMinimalBase.java:720)
	at com.fasterxml.jackson.core.json.UTF8StreamJsonParser._reportInvalidToken(UTF8StreamJsonParser.java:3593)
	at com.fasterxml.jackson.core.json.UTF8StreamJsonParser._handleUnexpectedValue(UTF8StreamJsonParser.java:2688)
	at com.fasterxml.jackson.core.json.UTF8StreamJsonParser._nextTokenNotInObject(UTF8StreamJsonParser.java:870)
	at com.fasterxml.jackson.core.json.UTF8StreamJsonParser.nextToken(UTF8StreamJsonParser.java:762)
	at com.fasterxml.jackson.databind.ObjectMapper._readTreeAndClose(ObjectMapper.java:4622)
	at com.fasterxml.jackson.databind.ObjectMapper.readTree(ObjectMapper.java:3056)
	at org.apache.kafka.connect.json.JsonDeserializer.deserialize(JsonDeserializer.java:64)
	... 18 more
[2022-03-03 12:01:55,417] INFO [local-file-sink|task-0] [Consumer clientId=connector-consumer-local-file-sink-0, groupId=connect-local-file-sink] Revoke previously assigned partitions test-0 (org.apache.kafka.clients.consumer.internals.ConsumerCoordinator:310)
[2022-03-03 12:01:55,418] INFO [local-file-sink|task-0] [Consumer clientId=connector-consumer-local-file-sink-0, groupId=connect-local-file-sink] Member connector-consumer-local-file-sink-0-97878814-d2e3-4ba6-a947-5c1f2bb03951 sending LeaveGroup request to coordinator mimaca1:9092 (id: 2147483647 rack: null) due to the consumer is being closed (org.apache.kafka.clients.consumer.internals.ConsumerCoordinator:1060)
[2022-03-03 12:01:55,420] INFO [local-file-sink|task-0] [Consumer clientId=connector-consumer-local-file-sink-0, groupId=connect-local-file-sink] Resetting generation due to: consumer pro-actively leaving the group (org.apache.kafka.clients.consumer.internals.ConsumerCoordinator:972)
[2022-03-03 12:01:55,434] INFO [local-file-sink|task-0] [Consumer clientId=connector-consumer-local-file-sink-0, groupId=connect-local-file-sink] Request joining group due to: consumer pro-actively leaving the group (org.apache.kafka.clients.consumer.internals.ConsumerCoordinator:1000)
[2022-03-03 12:01:55,435] INFO [local-file-sink|task-0] Metrics scheduler closed (org.apache.kafka.common.metrics.Metrics:659)
[2022-03-03 12:01:55,435] INFO [local-file-sink|task-0] Closing reporter org.apache.kafka.common.metrics.JmxReporter (org.apache.kafka.common.metrics.Metrics:663)
[2022-03-03 12:01:55,436] INFO [local-file-sink|task-0] Metrics reporters closed (org.apache.kafka.common.metrics.Metrics:669)
[2022-03-03 12:01:55,439] INFO [local-file-sink|task-0] App info kafka.consumer for connector-consumer-local-file-sink-0 unregistered (org.apache.kafka.common.utils.AppInfoParser:83)
[2022-03-03 12:02:04,694] INFO [local-file-source|task-0|offsets] WorkerSourceTask{id=local-file-source-0} Either no records were produced by the task since the last offset commit, or every record has been filtered out by a transformation or dropped due to transformation or conversion errors. (org.apache.kafka.connect.runtime.WorkerSourceTask:484)
[2022-03-03 12:02:14,696] INFO [local-file-source|task-0|offsets] WorkerSourceTask{id=local-file-source-0} Either no records were produced by the task since the last offset commit, or every record has been filtered out by a transformation or dropped due to transformation or conversion errors. (org.apache.kafka.connect.runtime.WorkerSourceTask:484)
[2022-03-03 12:02:23,957] INFO [local-file-source|task-0] [Producer clientId=connector-producer-local-file-source-0] Resetting the last seen epoch of partition test-0 to 0 since the associated topicId changed from null to JQmby_tsR6aqwap4QHsazA (org.apache.kafka.clients.Metadata:402)
[2022-03-03 12:02:24,696] INFO [local-file-source|task-0|offsets] WorkerSourceTask{id=local-file-source-0} Either no records were produced by the task since the last offset commit, or every record has been filtered out by a transformation or dropped due to transformation or conversion errors. (org.apache.kafka.connect.runtime.WorkerSourceTask:484)
[2022-03-03 12:02:34,718] INFO [local-file-source|task-0|offsets] WorkerSourceTask{id=local-file-source-0} Either no records were produced by the task since the last offset commit, or every record has been filtered out by a transformation or dropped due to transformation or conversion errors. (org.apache.kafka.connect.runtime.WorkerSourceTask:484)
[2022-03-03 12:02:44,721] INFO [local-file-source|task-0|offsets] WorkerSourceTask{id=local-file-source-0} Either no records were produced by the task since the last offset commit, or every record has been filtered out by a transformation or dropped due to transformation or conversion errors. (org.apache.kafka.connect.runtime.WorkerSourceTask:484)
[2022-03-03 12:02:54,722] INFO [local-file-source|task-0|offsets] WorkerSourceTask{id=local-file-source-0} Either no records were produced by the task since the last offset commit, or every record has been filtered out by a transformation or dropped due to transformation or conversion errors. (org.apache.kafka.connect.runtime.WorkerSourceTask:484)
[2022-03-03 12:03:04,722] INFO [local-file-source|task-0|offsets] WorkerSourceTask{id=local-file-source-0} Either no records were produced by the task since the last offset commit, or every record has been filtered out by a transformation or dropped due to transformation or conversion errors. (org.apache.kafka.connect.runtime.WorkerSourceTask:484)
[2022-03-03 12:03:14,723] INFO [local-file-source|task-0|offsets] WorkerSourceTask{id=local-file-source-0} Either no records were produced by the task since the last offset commit, or every record has been filtered out by a transformation or dropped due to transformation or conversion errors. (org.apache.kafka.connect.runtime.WorkerSourceTask:484)
[2022-03-03 12:03:24,723] INFO [local-file-source|task-0|offsets] WorkerSourceTask{id=local-file-source-0} Either no records were produced by the task since the last offset commit, or every record has been filtered out by a transformation or dropped due to transformation or conversion errors. (org.apache.kafka.connect.runtime.WorkerSourceTask:484)
[2022-03-03 12:03:34,725] INFO [local-file-source|task-0|offsets] WorkerSourceTask{id=local-file-source-0} Either no records were produced by the task since the last offset commit, or every record has been filtered out by a transformation or dropped due to transformation or conversion errors. (org.apache.kafka.connect.runtime.WorkerSourceTask:484)
[2022-03-03 12:03:44,726] INFO [local-file-source|task-0|offsets] WorkerSourceTask{id=local-file-source-0} Either no records were produced by the task since the last offset commit, or every record has been filtered out by a transformation or dropped due to transformation or conversion errors. (org.apache.kafka.connect.runtime.WorkerSourceTask:484)
[2022-03-03 12:03:54,726] INFO [local-file-source|task-0|offsets] WorkerSourceTask{id=local-file-source-0} Either no records were produced by the task since the last offset commit, or every record has been filtered out by a transformation or dropped due to transformation or conversion errors. (org.apache.kafka.connect.runtime.WorkerSourceTask:484)
[2022-03-03 12:04:04,727] INFO [local-file-source|task-0|offsets] WorkerSourceTask{id=local-file-source-0} Either no records were produced by the task since the last offset commit, or every record has been filtered out by a transformation or dropped due to transformation or conversion errors. (org.apache.kafka.connect.runtime.WorkerSourceTask:484)
[2022-03-03 12:04:14,727] INFO [local-file-source|task-0|offsets] WorkerSourceTask{id=local-file-source-0} Either no records were produced by the task since the last offset commit, or every record has been filtered out by a transformation or dropped due to transformation or conversion errors. (org.apache.kafka.connect.runtime.WorkerSourceTask:484)
[2022-03-03 12:04:24,728] INFO [local-file-source|task-0|offsets] WorkerSourceTask{id=local-file-source-0} Either no records were produced by the task since the last offset commit, or every record has been filtered out by a transformation or dropped due to transformation or conversion errors. (org.apache.kafka.connect.runtime.WorkerSourceTask:484)
[2022-03-03 12:04:34,728] INFO [local-file-source|task-0|offsets] WorkerSourceTask{id=local-file-source-0} Either no records were produced by the task since the last offset commit, or every record has been filtered out by a transformation or dropped due to transformation or conversion errors. (org.apache.kafka.connect.runtime.WorkerSourceTask:484)
[2022-03-03 12:04:44,729] INFO [local-file-source|task-0|offsets] WorkerSourceTask{id=local-file-source-0} Either no records were produced by the task since the last offset commit, or every record has been filtered out by a transformation or dropped due to transformation or conversion errors. (org.apache.kafka.connect.runtime.WorkerSourceTask:484)
[2022-03-03 12:04:54,729] INFO [local-file-source|task-0|offsets] WorkerSourceTask{id=local-file-source-0} Either no records were produced by the task since the last offset commit, or every record has been filtered out by a transformation or dropped due to transformation or conversion errors. (org.apache.kafka.connect.runtime.WorkerSourceTask:484)
[2022-03-03 12:05:04,733] INFO [local-file-source|task-0|offsets] WorkerSourceTask{id=local-file-source-0} Either no records were produced by the task since the last offset commit, or every record has been filtered out by a transformation or dropped due to transformation or conversion errors. (org.apache.kafka.connect.runtime.WorkerSourceTask:484)
[2022-03-03 12:05:14,736] INFO [local-file-source|task-0|offsets] WorkerSourceTask{id=local-file-source-0} Either no records were produced by the task since the last offset commit, or every record has been filtered out by a transformation or dropped due to transformation or conversion errors. (org.apache.kafka.connect.runtime.WorkerSourceTask:484)
[2022-03-03 12:05:24,737] INFO [local-file-source|task-0|offsets] WorkerSourceTask{id=local-file-source-0} Either no records were produced by the task since the last offset commit, or every record has been filtered out by a transformation or dropped due to transformation or conversion errors. (org.apache.kafka.connect.runtime.WorkerSourceTask:484)
[2022-03-03 12:05:34,738] INFO [local-file-source|task-0|offsets] WorkerSourceTask{id=local-file-source-0} Either no records were produced by the task since the last offset commit, or every record has been filtered out by a transformation or dropped due to transformation or conversion errors. (org.apache.kafka.connect.runtime.WorkerSourceTask:484)
[2022-03-03 12:05:44,738] INFO [local-file-source|task-0|offsets] WorkerSourceTask{id=local-file-source-0} Either no records were produced by the task since the last offset commit, or every record has been filtered out by a transformation or dropped due to transformation or conversion errors. (org.apache.kafka.connect.runtime.WorkerSourceTask:484)
[2022-03-03 12:05:54,739] INFO [local-file-source|task-0|offsets] WorkerSourceTask{id=local-file-source-0} Either no records were produced by the task since the last offset commit, or every record has been filtered out by a transformation or dropped due to transformation or conversion errors. (org.apache.kafka.connect.runtime.WorkerSourceTask:484)
[2022-03-03 12:06:04,739] INFO [local-file-source|task-0|offsets] WorkerSourceTask{id=local-file-source-0} Either no records were produced by the task since the last offset commit, or every record has been filtered out by a transformation or dropped due to transformation or conversion errors. (org.apache.kafka.connect.runtime.WorkerSourceTask:484)
